{"/home/j/code/next-k8s/packages/auth/src/app.ts": {"path":"/home/j/code/next-k8s/packages/auth/src/app.ts","statementMap":{"0":{"start":{"line":1,"column":0},"end":{"line":1,"column":29}},"1":{"start":{"line":2,"column":0},"end":{"line":2,"column":29}},"2":{"start":{"line":3,"column":0},"end":{"line":3,"column":34}},"3":{"start":{"line":4,"column":0},"end":{"line":4,"column":42}},"4":{"start":{"line":5,"column":0},"end":{"line":5,"column":62}},"5":{"start":{"line":9,"column":0},"end":{"line":9,"column":53}},"6":{"start":{"line":10,"column":0},"end":{"line":10,"column":42}},"7":{"start":{"line":11,"column":0},"end":{"line":11,"column":44}},"8":{"start":{"line":12,"column":0},"end":{"line":12,"column":42}},"9":{"start":{"line":14,"column":0},"end":{"line":14,"column":null}},"10":{"start":{"line":14,"column":26},"end":{"line":14,"column":null}},"11":{"start":{"line":16,"column":12},"end":{"line":16,"column":21}},"12":{"start":{"line":17,"column":0},"end":{"line":17,"column":null}},"13":{"start":{"line":18,"column":0},"end":{"line":18,"column":null}},"14":{"start":{"line":19,"column":0},"end":{"line":19,"column":null}},"15":{"start":{"line":20,"column":0},"end":{"line":23,"column":null}},"16":{"start":{"line":25,"column":0},"end":{"line":25,"column":null}},"17":{"start":{"line":26,"column":0},"end":{"line":26,"column":null}},"18":{"start":{"line":27,"column":0},"end":{"line":27,"column":null}},"19":{"start":{"line":28,"column":0},"end":{"line":28,"column":null}},"20":{"start":{"line":30,"column":0},"end":{"line":32,"column":null}},"21":{"start":{"line":30,"column":32},"end":{"line":32,"column":2}},"22":{"start":{"line":31,"column":2},"end":{"line":31,"column":null}},"23":{"start":{"line":34,"column":0},"end":{"line":34,"column":null}},"24":{"start":{"line":36,"column":0},"end":{"line":36,"column":null}}},"fnMap":{"0":{"name":"(anonymous_8)","decl":{"start":{"line":30,"column":13},"end":{"line":30,"column":20}},"loc":{"start":{"line":30,"column":32},"end":{"line":32,"column":2}}},"1":{"name":"(anonymous_9)","decl":{"start":{"line":30,"column":32},"end":{"line":30,"column":null}},"loc":{"start":{"line":30,"column":32},"end":{"line":32,"column":1}}}},"branchMap":{"0":{"loc":{"start":{"line":14,"column":0},"end":{"line":14,"column":null}},"type":"if","locations":[{"start":{"line":14,"column":0},"end":{"line":14,"column":null}}]}},"s":{"0":4,"1":4,"2":4,"3":4,"4":4,"5":4,"6":4,"7":4,"8":4,"9":4,"10":0,"11":4,"12":4,"13":4,"14":4,"15":4,"16":4,"17":4,"18":4,"19":4,"20":4,"21":0,"22":0,"23":4,"24":4},"f":{"0":0,"1":0},"b":{"0":[0]}}
,"/home/j/code/next-k8s/packages/auth/src/models/user.ts": {"path":"/home/j/code/next-k8s/packages/auth/src/models/user.ts","statementMap":{"0":{"start":{"line":1,"column":0},"end":{"line":1,"column":31}},"1":{"start":{"line":2,"column":0},"end":{"line":2,"column":36}},"2":{"start":{"line":17,"column":19},"end":{"line":36,"column":2}},"3":{"start":{"line":31,"column":6},"end":{"line":31,"column":null}},"4":{"start":{"line":32,"column":6},"end":{"line":32,"column":null}},"5":{"start":{"line":33,"column":6},"end":{"line":33,"column":null}},"6":{"start":{"line":38,"column":0},"end":{"line":38,"column":null}},"7":{"start":{"line":40,"column":13},"end":{"line":40,"column":null}},"8":{"start":{"line":43,"column":4},"end":{"line":43,"column":null}},"9":{"start":{"line":41,"column":0},"end":{"line":41,"column":21}}},"fnMap":{"0":{"name":"(anonymous_1)","decl":{"start":{"line":30,"column":4},"end":{"line":30,"column":13}},"loc":{"start":{"line":30,"column":23},"end":{"line":34,"column":5}}},"1":{"name":"(anonymous_2)","decl":{"start":{"line":42,"column":2},"end":{"line":42,"column":14}},"loc":{"start":{"line":42,"column":40},"end":{"line":44,"column":3}}}},"branchMap":{},"s":{"0":4,"1":4,"2":4,"3":9,"4":9,"5":9,"6":4,"7":4,"8":9,"9":4},"f":{"0":9,"1":9},"b":{}}
,"/home/j/code/next-k8s/packages/auth/src/routes/current-user.ts": {"path":"/home/j/code/next-k8s/packages/auth/src/routes/current-user.ts","statementMap":{"0":{"start":{"line":1,"column":0},"end":{"line":1,"column":52}},"1":{"start":{"line":2,"column":0},"end":{"line":2,"column":46}},"2":{"start":{"line":5,"column":15},"end":{"line":5,"column":31}},"3":{"start":{"line":6,"column":0},"end":{"line":8,"column":null}},"4":{"start":{"line":6,"column":84},"end":{"line":8,"column":2}},"5":{"start":{"line":7,"column":2},"end":{"line":7,"column":null}},"6":{"start":{"line":10,"column":0},"end":{"line":10,"column":null}}},"fnMap":{"0":{"name":"(anonymous_8)","decl":{"start":{"line":6,"column":46},"end":{"line":6,"column":53}},"loc":{"start":{"line":6,"column":84},"end":{"line":8,"column":2}}},"1":{"name":"(anonymous_9)","decl":{"start":{"line":6,"column":84},"end":{"line":6,"column":null}},"loc":{"start":{"line":6,"column":84},"end":{"line":8,"column":1}}}},"branchMap":{"0":{"loc":{"start":{"line":7,"column":13},"end":{"line":7,"column":41}},"type":"cond-expr","locations":[{"start":{"line":7,"column":32},"end":{"line":7,"column":35}},{"start":{"line":7,"column":38},"end":{"line":7,"column":41}}]},"1":{"loc":{"start":{"line":7,"column":56},"end":{"line":7,"column":79}},"type":"binary-expr","locations":[{"start":{"line":7,"column":56},"end":{"line":7,"column":71}},{"start":{"line":7,"column":75},"end":{"line":7,"column":79}}]}},"s":{"0":4,"1":4,"2":4,"3":4,"4":2,"5":2,"6":4},"f":{"0":2,"1":2},"b":{"0":[1,1],"1":[2,1]}}
,"/home/j/code/next-k8s/packages/auth/src/routes/signin.ts": {"path":"/home/j/code/next-k8s/packages/auth/src/routes/signin.ts","statementMap":{"0":{"start":{"line":1,"column":0},"end":{"line":1,"column":52}},"1":{"start":{"line":2,"column":0},"end":{"line":2,"column":30}},"2":{"start":{"line":3,"column":0},"end":{"line":3,"column":40}},"3":{"start":{"line":4,"column":0},"end":{"line":4,"column":69}},"4":{"start":{"line":6,"column":0},"end":{"line":6,"column":46}},"5":{"start":{"line":8,"column":22},"end":{"line":11,"column":null}},"6":{"start":{"line":13,"column":15},"end":{"line":13,"column":31}},"7":{"start":{"line":14,"column":0},"end":{"line":27,"column":null}},"8":{"start":{"line":14,"column":103},"end":{"line":27,"column":2}},"9":{"start":{"line":15,"column":15},"end":{"line":15,"column":67}},"10":{"start":{"line":16,"column":2},"end":{"line":16,"column":null}},"11":{"start":{"line":16,"column":13},"end":{"line":16,"column":null}},"12":{"start":{"line":17,"column":24},"end":{"line":17,"column":81}},"13":{"start":{"line":18,"column":2},"end":{"line":18,"column":null}},"14":{"start":{"line":18,"column":22},"end":{"line":18,"column":null}},"15":{"start":{"line":20,"column":16},"end":{"line":23,"column":26}},"16":{"start":{"line":25,"column":2},"end":{"line":25,"column":null}},"17":{"start":{"line":26,"column":2},"end":{"line":26,"column":null}},"18":{"start":{"line":29,"column":0},"end":{"line":29,"column":null}}},"fnMap":{"0":{"name":"(anonymous_8)","decl":{"start":{"line":14,"column":65},"end":{"line":14,"column":72}},"loc":{"start":{"line":14,"column":103},"end":{"line":27,"column":2}}},"1":{"name":"(anonymous_9)","decl":{"start":{"line":14,"column":103},"end":{"line":14,"column":null}},"loc":{"start":{"line":14,"column":103},"end":{"line":27,"column":1}}}},"branchMap":{"0":{"loc":{"start":{"line":16,"column":2},"end":{"line":16,"column":null}},"type":"if","locations":[{"start":{"line":16,"column":2},"end":{"line":16,"column":null}}]},"1":{"loc":{"start":{"line":18,"column":2},"end":{"line":18,"column":null}},"type":"if","locations":[{"start":{"line":18,"column":2},"end":{"line":18,"column":null}}]}},"s":{"0":4,"1":4,"2":4,"3":4,"4":4,"5":4,"6":4,"7":4,"8":2,"9":2,"10":2,"11":0,"12":2,"13":2,"14":0,"15":2,"16":2,"17":2,"18":4},"f":{"0":2,"1":2},"b":{"0":[0],"1":[0]}}
,"/home/j/code/next-k8s/packages/auth/src/routes/signout.ts": {"path":"/home/j/code/next-k8s/packages/auth/src/routes/signout.ts","statementMap":{"0":{"start":{"line":1,"column":0},"end":{"line":1,"column":29}},"1":{"start":{"line":3,"column":15},"end":{"line":3,"column":31}},"2":{"start":{"line":4,"column":0},"end":{"line":7,"column":null}},"3":{"start":{"line":5,"column":2},"end":{"line":5,"column":null}},"4":{"start":{"line":6,"column":2},"end":{"line":6,"column":null}},"5":{"start":{"line":9,"column":0},"end":{"line":9,"column":null}}},"fnMap":{"0":{"name":"(anonymous_1)","decl":{"start":{"line":4,"column":33},"end":{"line":4,"column":34}},"loc":{"start":{"line":4,"column":46},"end":{"line":7,"column":1}}}},"branchMap":{},"s":{"0":4,"1":4,"2":4,"3":1,"4":1,"5":4},"f":{"0":1},"b":{}}
,"/home/j/code/next-k8s/packages/auth/src/routes/signup.ts": {"path":"/home/j/code/next-k8s/packages/auth/src/routes/signup.ts","statementMap":{"0":{"start":{"line":1,"column":0},"end":{"line":1,"column":66}},"1":{"start":{"line":2,"column":0},"end":{"line":2,"column":40}},"2":{"start":{"line":3,"column":0},"end":{"line":3,"column":30}},"3":{"start":{"line":4,"column":0},"end":{"line":4,"column":92}},"4":{"start":{"line":6,"column":0},"end":{"line":6,"column":33}},"5":{"start":{"line":8,"column":15},"end":{"line":8,"column":31}},"6":{"start":{"line":10,"column":22},"end":{"line":13,"column":null}},"7":{"start":{"line":15,"column":0},"end":{"line":35,"column":null}},"8":{"start":{"line":15,"column":103},"end":{"line":35,"column":2}},"9":{"start":{"line":16,"column":30},"end":{"line":16,"column":38}},"10":{"start":{"line":17,"column":17},"end":{"line":17,"column":66}},"11":{"start":{"line":18,"column":2},"end":{"line":18,"column":null}},"12":{"start":{"line":18,"column":14},"end":{"line":18,"column":null}},"13":{"start":{"line":20,"column":2},"end":{"line":34,"column":null}},"14":{"start":{"line":21,"column":17},"end":{"line":21,"column":67}},"15":{"start":{"line":22,"column":4},"end":{"line":22,"column":null}},"16":{"start":{"line":24,"column":18},"end":{"line":27,"column":28}},"17":{"start":{"line":29,"column":4},"end":{"line":29,"column":null}},"18":{"start":{"line":30,"column":4},"end":{"line":30,"column":null}},"19":{"start":{"line":32,"column":4},"end":{"line":32,"column":null}},"20":{"start":{"line":33,"column":4},"end":{"line":33,"column":null}},"21":{"start":{"line":37,"column":0},"end":{"line":37,"column":null}}},"fnMap":{"0":{"name":"(anonymous_8)","decl":{"start":{"line":15,"column":65},"end":{"line":15,"column":72}},"loc":{"start":{"line":15,"column":103},"end":{"line":35,"column":2}}},"1":{"name":"(anonymous_9)","decl":{"start":{"line":15,"column":103},"end":{"line":15,"column":null}},"loc":{"start":{"line":15,"column":103},"end":{"line":35,"column":1}}}},"branchMap":{"0":{"loc":{"start":{"line":18,"column":2},"end":{"line":18,"column":null}},"type":"if","locations":[{"start":{"line":18,"column":2},"end":{"line":18,"column":null}}]}},"s":{"0":4,"1":4,"2":4,"3":4,"4":4,"5":4,"6":4,"7":4,"8":8,"9":8,"10":8,"11":8,"12":1,"13":7,"14":7,"15":7,"16":7,"17":7,"18":7,"19":0,"20":0,"21":4},"f":{"0":8,"1":8},"b":{"0":[1]}}
}
