TN:
SF:src/app.ts
FN:30,(anonymous_8)
FN:30,(anonymous_9)
FNF:2
FNH:2
FNDA:2,(anonymous_8)
FNDA:2,(anonymous_9)
DA:1,4
DA:2,4
DA:3,4
DA:4,4
DA:5,4
DA:9,4
DA:10,4
DA:11,4
DA:12,4
DA:14,4
DA:16,4
DA:17,4
DA:18,4
DA:19,4
DA:20,4
DA:25,4
DA:26,4
DA:27,4
DA:28,4
DA:30,4
DA:31,2
DA:34,4
DA:36,4
LF:23
LH:23
BRDA:14,0,0,0
BRF:1
BRH:0
end_of_record
TN:
SF:src/models/user.ts
FN:24,(anonymous_1)
FN:36,(anonymous_2)
FNF:2
FNH:2
FNDA:9,(anonymous_1)
FNDA:9,(anonymous_2)
DA:1,4
DA:2,4
DA:11,4
DA:25,9
DA:26,9
DA:27,9
DA:32,4
DA:34,4
DA:35,4
DA:37,9
LF:10
LH:10
BRF:0
BRH:0
end_of_record
TN:
SF:src/routes/current-user.ts
FN:6,(anonymous_8)
FN:6,(anonymous_9)
FNF:2
FNH:2
FNDA:2,(anonymous_8)
FNDA:2,(anonymous_9)
DA:1,4
DA:2,4
DA:5,4
DA:6,4
DA:7,2
DA:10,4
LF:6
LH:6
BRDA:7,0,0,1
BRDA:7,0,1,1
BRDA:7,1,0,2
BRDA:7,1,1,1
BRF:4
BRH:4
end_of_record
TN:
SF:src/routes/signin.ts
FN:14,(anonymous_8)
FN:14,(anonymous_9)
FNF:2
FNH:2
FNDA:2,(anonymous_8)
FNDA:2,(anonymous_9)
DA:1,4
DA:2,4
DA:3,4
DA:4,4
DA:6,4
DA:8,4
DA:13,4
DA:14,4
DA:15,2
DA:16,2
DA:17,2
DA:18,2
DA:20,2
DA:25,2
DA:26,2
DA:29,4
LF:16
LH:16
BRDA:16,0,0,0
BRDA:18,1,0,0
BRF:2
BRH:0
end_of_record
TN:
SF:src/routes/signout.ts
FN:4,(anonymous_1)
FNF:1
FNH:1
FNDA:1,(anonymous_1)
DA:1,4
DA:3,4
DA:4,4
DA:5,1
DA:6,1
DA:9,4
LF:6
LH:6
BRF:0
BRH:0
end_of_record
TN:
SF:src/routes/signup.ts
FN:15,(anonymous_8)
FN:15,(anonymous_9)
FNF:2
FNH:2
FNDA:8,(anonymous_8)
FNDA:8,(anonymous_9)
DA:1,4
DA:2,4
DA:3,4
DA:4,4
DA:6,4
DA:8,4
DA:10,4
DA:15,8
DA:16,8
DA:17,8
DA:18,8
DA:20,7
DA:21,7
DA:22,7
DA:24,7
DA:29,7
DA:30,7
DA:32,0
DA:33,0
DA:37,4
LF:20
LH:18
BRDA:18,0,0,1
BRF:1
BRH:1
end_of_record
