{"/home/j/code/next-k8s/packages/orders/src/app.ts": {"path":"/home/j/code/next-k8s/packages/orders/src/app.ts","statementMap":{"0":{"start":{"line":1,"column":0},"end":{"line":1,"column":29}},"1":{"start":{"line":2,"column":0},"end":{"line":2,"column":29}},"2":{"start":{"line":3,"column":0},"end":{"line":3,"column":34}},"3":{"start":{"line":4,"column":0},"end":{"line":4,"column":42}},"4":{"start":{"line":6,"column":0},"end":{"line":6,"column":75}},"5":{"start":{"line":7,"column":0},"end":{"line":7,"column":29}},"6":{"start":{"line":9,"column":12},"end":{"line":9,"column":21}},"7":{"start":{"line":11,"column":0},"end":{"line":11,"column":null}},"8":{"start":{"line":12,"column":0},"end":{"line":12,"column":null}},"9":{"start":{"line":13,"column":0},"end":{"line":13,"column":null}},"10":{"start":{"line":14,"column":0},"end":{"line":14,"column":null}},"11":{"start":{"line":16,"column":0},"end":{"line":16,"column":null}},"12":{"start":{"line":17,"column":0},"end":{"line":17,"column":null}},"13":{"start":{"line":17,"column":28},"end":{"line":17,"column":null}},"14":{"start":{"line":18,"column":0},"end":{"line":18,"column":null}},"15":{"start":{"line":18,"column":32},"end":{"line":18,"column":63}},"16":{"start":{"line":18,"column":35},"end":{"line":18,"column":61}},"17":{"start":{"line":19,"column":0},"end":{"line":19,"column":null}},"18":{"start":{"line":21,"column":0},"end":{"line":21,"column":null}}},"fnMap":{"0":{"name":"(anonymous_8)","decl":{"start":{"line":18,"column":13},"end":{"line":18,"column":20}},"loc":{"start":{"line":18,"column":32},"end":{"line":18,"column":63}}},"1":{"name":"(anonymous_9)","decl":{"start":{"line":18,"column":32},"end":{"line":18,"column":35}},"loc":{"start":{"line":18,"column":32},"end":{"line":18,"column":62}}}},"branchMap":{},"s":{"0":3,"1":3,"2":3,"3":3,"4":3,"5":3,"6":3,"7":3,"8":3,"9":3,"10":3,"11":3,"12":3,"13":9,"14":3,"15":1,"16":1,"17":3,"18":3},"f":{"0":1,"1":1},"b":{}}
,"/home/j/code/next-k8s/packages/orders/src/events/listeners/_queue-group-name.ts": {"path":"/home/j/code/next-k8s/packages/orders/src/events/listeners/_queue-group-name.ts","statementMap":{"0":{"start":{"line":1,"column":0},"end":{"line":1,"column":null}}},"fnMap":{},"branchMap":{},"s":{"0":2},"f":{},"b":{}}
,"/home/j/code/next-k8s/packages/orders/src/events/listeners/ticket-created.ts": {"path":"/home/j/code/next-k8s/packages/orders/src/events/listeners/ticket-created.ts","statementMap":{"0":{"start":{"line":2,"column":0},"end":{"line":2,"column":73}},"1":{"start":{"line":4,"column":0},"end":{"line":4,"column":48}},"2":{"start":{"line":5,"column":0},"end":{"line":5,"column":40}},"3":{"start":{"line":8,"column":11},"end":{"line":8,"column":null}},"4":{"start":{"line":9,"column":2},"end":{"line":9,"column":null}},"5":{"start":{"line":12,"column":33},"end":{"line":12,"column":37}},"6":{"start":{"line":13,"column":19},"end":{"line":13,"column":51}},"7":{"start":{"line":14,"column":4},"end":{"line":14,"column":null}},"8":{"start":{"line":15,"column":4},"end":{"line":15,"column":null}},"9":{"start":{"line":16,"column":4},"end":{"line":16,"column":null}},"10":{"start":{"line":7,"column":0},"end":{"line":7,"column":13}},"11":{"start":{"line":20,"column":0},"end":{"line":20,"column":null}}},"fnMap":{"0":{"name":"(anonymous_8)","decl":{"start":{"line":7,"column":0},"end":{"line":7,"column":13}},"loc":{"start":{"line":7,"column":0},"end":{"line":18,"column":1}}},"1":{"name":"(anonymous_9)","decl":{"start":{"line":11,"column":8},"end":{"line":11,"column":17}},"loc":{"start":{"line":11,"column":65},"end":{"line":17,"column":null}}}},"branchMap":{},"s":{"0":1,"1":1,"2":1,"3":2,"4":2,"5":2,"6":2,"7":2,"8":2,"9":2,"10":1,"11":1},"f":{"0":2,"1":2},"b":{}}
,"/home/j/code/next-k8s/packages/orders/src/events/listeners/ticket-updated.ts": {"path":"/home/j/code/next-k8s/packages/orders/src/events/listeners/ticket-updated.ts","statementMap":{"0":{"start":{"line":2,"column":0},"end":{"line":2,"column":88}},"1":{"start":{"line":4,"column":0},"end":{"line":4,"column":48}},"2":{"start":{"line":5,"column":0},"end":{"line":5,"column":53}},"3":{"start":{"line":8,"column":11},"end":{"line":8,"column":null}},"4":{"start":{"line":9,"column":2},"end":{"line":9,"column":null}},"5":{"start":{"line":12,"column":33},"end":{"line":12,"column":37}},"6":{"start":{"line":13,"column":19},"end":{"line":13,"column":62}},"7":{"start":{"line":14,"column":4},"end":{"line":14,"column":null}},"8":{"start":{"line":14,"column":17},"end":{"line":14,"column":null}},"9":{"start":{"line":15,"column":4},"end":{"line":15,"column":null}},"10":{"start":{"line":16,"column":4},"end":{"line":16,"column":null}},"11":{"start":{"line":17,"column":4},"end":{"line":17,"column":null}},"12":{"start":{"line":18,"column":4},"end":{"line":18,"column":null}},"13":{"start":{"line":7,"column":0},"end":{"line":7,"column":13}},"14":{"start":{"line":22,"column":0},"end":{"line":22,"column":null}}},"fnMap":{"0":{"name":"(anonymous_8)","decl":{"start":{"line":7,"column":0},"end":{"line":7,"column":13}},"loc":{"start":{"line":7,"column":0},"end":{"line":20,"column":1}}},"1":{"name":"(anonymous_9)","decl":{"start":{"line":11,"column":8},"end":{"line":11,"column":17}},"loc":{"start":{"line":11,"column":65},"end":{"line":19,"column":null}}}},"branchMap":{"0":{"loc":{"start":{"line":14,"column":4},"end":{"line":14,"column":null}},"type":"if","locations":[{"start":{"line":14,"column":4},"end":{"line":14,"column":null}}]}},"s":{"0":1,"1":1,"2":1,"3":3,"4":3,"5":3,"6":3,"7":3,"8":1,"9":2,"10":2,"11":2,"12":2,"13":1,"14":1},"f":{"0":3,"1":3},"b":{"0":[1]}}
,"/home/j/code/next-k8s/packages/orders/src/events/publishers/cancelled.ts": {"path":"/home/j/code/next-k8s/packages/orders/src/events/publishers/cancelled.ts","statementMap":{"0":{"start":{"line":1,"column":0},"end":{"line":1,"column":75}},"1":{"start":{"line":4,"column":2},"end":{"line":4,"column":null}},"2":{"start":{"line":3,"column":0},"end":{"line":3,"column":13}},"3":{"start":{"line":7,"column":0},"end":{"line":7,"column":null}}},"fnMap":{"0":{"name":"(anonymous_0)","decl":{"start":{"line":3,"column":0},"end":{"line":3,"column":13}},"loc":{"start":{"line":3,"column":0},"end":{"line":5,"column":1}}}},"branchMap":{},"s":{"0":3,"1":1,"2":3,"3":3},"f":{"0":1},"b":{}}
,"/home/j/code/next-k8s/packages/orders/src/events/publishers/created.ts": {"path":"/home/j/code/next-k8s/packages/orders/src/events/publishers/created.ts","statementMap":{"0":{"start":{"line":1,"column":0},"end":{"line":1,"column":73}},"1":{"start":{"line":4,"column":2},"end":{"line":4,"column":null}},"2":{"start":{"line":3,"column":0},"end":{"line":3,"column":13}},"3":{"start":{"line":7,"column":0},"end":{"line":7,"column":null}}},"fnMap":{"0":{"name":"(anonymous_0)","decl":{"start":{"line":3,"column":0},"end":{"line":3,"column":13}},"loc":{"start":{"line":3,"column":0},"end":{"line":5,"column":1}}}},"branchMap":{},"s":{"0":3,"1":7,"2":3,"3":3},"f":{"0":7},"b":{}}
,"/home/j/code/next-k8s/packages/orders/src/models/order.ts": {"path":"/home/j/code/next-k8s/packages/orders/src/models/order.ts","statementMap":{"0":{"start":{"line":1,"column":0},"end":{"line":1,"column":45}},"1":{"start":{"line":2,"column":0},"end":{"line":2,"column":66}},"2":{"start":{"line":3,"column":0},"end":{"line":3,"column":9}},"3":{"start":{"line":58,"column":9},"end":{"line":3,"column":46}},"4":{"start":{"line":25,"column":20},"end":{"line":53,"column":2}},"5":{"start":{"line":49,"column":6},"end":{"line":49,"column":null}},"6":{"start":{"line":50,"column":6},"end":{"line":50,"column":null}},"7":{"start":{"line":55,"column":0},"end":{"line":55,"column":null}},"8":{"start":{"line":56,"column":0},"end":{"line":56,"column":null}},"9":{"start":{"line":60,"column":13},"end":{"line":60,"column":null}},"10":{"start":{"line":63,"column":4},"end":{"line":63,"column":null}},"11":{"start":{"line":61,"column":0},"end":{"line":61,"column":21}}},"fnMap":{"0":{"name":"(anonymous_1)","decl":{"start":{"line":58,"column":9},"end":{"line":58,"column":20}},"loc":{"start":{"line":58,"column":9},"end":{"line":3,"column":46}}},"1":{"name":"(anonymous_2)","decl":{"start":{"line":48,"column":4},"end":{"line":48,"column":13}},"loc":{"start":{"line":48,"column":23},"end":{"line":51,"column":5}}},"2":{"name":"(anonymous_3)","decl":{"start":{"line":62,"column":2},"end":{"line":62,"column":14}},"loc":{"start":{"line":62,"column":41},"end":{"line":64,"column":3}}}},"branchMap":{},"s":{"0":5,"1":5,"2":5,"3":26,"4":5,"5":11,"6":11,"7":5,"8":5,"9":5,"10":13,"11":5},"f":{"0":21,"1":11,"2":13},"b":{}}
,"/home/j/code/next-k8s/packages/orders/src/models/ticket.ts": {"path":"/home/j/code/next-k8s/packages/orders/src/models/ticket.ts","statementMap":{"0":{"start":{"line":1,"column":0},"end":{"line":1,"column":31}},"1":{"start":{"line":2,"column":0},"end":{"line":2,"column":66}},"2":{"start":{"line":3,"column":0},"end":{"line":3,"column":44}},"3":{"start":{"line":23,"column":21},"end":{"line":42,"column":2}},"4":{"start":{"line":38,"column":6},"end":{"line":38,"column":null}},"5":{"start":{"line":39,"column":6},"end":{"line":39,"column":null}},"6":{"start":{"line":44,"column":0},"end":{"line":44,"column":null}},"7":{"start":{"line":45,"column":0},"end":{"line":45,"column":null}},"8":{"start":{"line":47,"column":0},"end":{"line":60,"column":null}},"9":{"start":{"line":48,"column":22},"end":{"line":57,"column":4}},"10":{"start":{"line":59,"column":2},"end":{"line":59,"column":null}},"11":{"start":{"line":62,"column":0},"end":{"line":64,"column":null}},"12":{"start":{"line":62,"column":111},"end":{"line":64,"column":null}},"13":{"start":{"line":63,"column":2},"end":{"line":63,"column":null}},"14":{"start":{"line":66,"column":13},"end":{"line":66,"column":null}},"15":{"start":{"line":70,"column":4},"end":{"line":73,"column":null}},"16":{"start":{"line":71,"column":6},"end":{"line":71,"column":null}},"17":{"start":{"line":72,"column":6},"end":{"line":72,"column":null}},"18":{"start":{"line":75,"column":4},"end":{"line":75,"column":null}},"19":{"start":{"line":76,"column":4},"end":{"line":76,"column":null}},"20":{"start":{"line":68,"column":0},"end":{"line":68,"column":21}}},"fnMap":{"0":{"name":"(anonymous_14)","decl":{"start":{"line":37,"column":4},"end":{"line":37,"column":13}},"loc":{"start":{"line":37,"column":23},"end":{"line":40,"column":5}}},"1":{"name":"(anonymous_15)","decl":{"start":{"line":47,"column":34},"end":{"line":47,"column":null}},"loc":{"start":{"line":47,"column":34},"end":{"line":60,"column":null}}},"2":{"name":"(anonymous_17)","decl":{"start":{"line":62,"column":35},"end":{"line":62,"column":42}},"loc":{"start":{"line":62,"column":111},"end":{"line":64,"column":null}}},"3":{"name":"(anonymous_18)","decl":{"start":{"line":62,"column":111},"end":{"line":62,"column":null}},"loc":{"start":{"line":62,"column":111},"end":{"line":64,"column":1}}},"4":{"name":"(anonymous_19)","decl":{"start":{"line":69,"column":2},"end":{"line":69,"column":14}},"loc":{"start":{"line":69,"column":42},"end":{"line":77,"column":3}}}},"branchMap":{"0":{"loc":{"start":{"line":70,"column":4},"end":{"line":73,"column":null}},"type":"if","locations":[{"start":{"line":70,"column":4},"end":{"line":73,"column":null}}]},"1":{"loc":{"start":{"line":70,"column":8},"end":{"line":70,"column":22}},"type":"cond-expr","locations":[{"start":{"line":70,"column":18},"end":{"line":70,"column":20}},{"start":{"line":70,"column":8},"end":{"line":70,"column":22}}]},"2":{"loc":{"start":{"line":70,"column":8},"end":{"line":70,"column":20}},"type":"binary-expr","locations":[{"start":{"line":70,"column":8},"end":{"line":70,"column":20}},{"start":{"line":70,"column":8},"end":{"line":70,"column":20}}]}},"s":{"0":5,"1":5,"2":5,"3":5,"4":11,"5":11,"6":5,"7":5,"8":5,"9":7,"10":7,"11":5,"12":3,"13":3,"14":5,"15":23,"16":2,"17":2,"18":23,"19":23,"20":5},"f":{"0":11,"1":7,"2":3,"3":3,"4":23},"b":{"0":[2],"1":[10,13],"2":[23,23]}}
,"/home/j/code/next-k8s/packages/orders/src/routes/create.ts": {"path":"/home/j/code/next-k8s/packages/orders/src/routes/create.ts","statementMap":{"0":{"start":{"line":1,"column":0},"end":{"line":1,"column":31}},"1":{"start":{"line":2,"column":0},"end":{"line":2,"column":52}},"2":{"start":{"line":3,"column":0},"end":{"line":3,"column":108}},"3":{"start":{"line":4,"column":0},"end":{"line":4,"column":40}},"4":{"start":{"line":6,"column":0},"end":{"line":6,"column":37}},"5":{"start":{"line":7,"column":0},"end":{"line":7,"column":35}},"6":{"start":{"line":8,"column":0},"end":{"line":8,"column":64}},"7":{"start":{"line":9,"column":0},"end":{"line":9,"column":39}},"8":{"start":{"line":11,"column":48},"end":{"line":11,"column":55}},"9":{"start":{"line":13,"column":15},"end":{"line":13,"column":31}},"10":{"start":{"line":15,"column":22},"end":{"line":21,"column":null}},"11":{"start":{"line":19,"column":31},"end":{"line":19,"column":69}},"12":{"start":{"line":23,"column":0},"end":{"line":55,"column":null}},"13":{"start":{"line":23,"column":110},"end":{"line":55,"column":2}},"14":{"start":{"line":24,"column":23},"end":{"line":24,"column":31}},"15":{"start":{"line":25,"column":17},"end":{"line":25,"column":48}},"16":{"start":{"line":26,"column":2},"end":{"line":26,"column":null}},"17":{"start":{"line":26,"column":15},"end":{"line":26,"column":null}},"18":{"start":{"line":28,"column":21},"end":{"line":28,"column":46}},"19":{"start":{"line":29,"column":21},"end":{"line":29,"column":31}},"20":{"start":{"line":30,"column":2},"end":{"line":30,"column":null}},"21":{"start":{"line":32,"column":2},"end":{"line":32,"column":null}},"22":{"start":{"line":32,"column":18},"end":{"line":32,"column":null}},"23":{"start":{"line":34,"column":16},"end":{"line":38,"column":4}},"24":{"start":{"line":40,"column":2},"end":{"line":40,"column":null}},"25":{"start":{"line":42,"column":2},"end":{"line":52,"column":null}},"26":{"start":{"line":54,"column":2},"end":{"line":54,"column":null}},"27":{"start":{"line":57,"column":0},"end":{"line":57,"column":null}}},"fnMap":{"0":{"name":"(anonymous_8)","decl":{"start":{"line":19,"column":12},"end":{"line":19,"column":13}},"loc":{"start":{"line":19,"column":31},"end":{"line":19,"column":69}}},"1":{"name":"(anonymous_9)","decl":{"start":{"line":23,"column":72},"end":{"line":23,"column":79}},"loc":{"start":{"line":23,"column":110},"end":{"line":55,"column":2}}},"2":{"name":"(anonymous_10)","decl":{"start":{"line":23,"column":110},"end":{"line":23,"column":null}},"loc":{"start":{"line":23,"column":110},"end":{"line":55,"column":1}}}},"branchMap":{"0":{"loc":{"start":{"line":26,"column":2},"end":{"line":26,"column":null}},"type":"if","locations":[{"start":{"line":26,"column":2},"end":{"line":26,"column":null}}]},"1":{"loc":{"start":{"line":30,"column":57},"end":{"line":30,"column":143}},"type":"binary-expr","locations":[{"start":{"line":30,"column":57},"end":{"line":30,"column":100}},{"start":{"line":30,"column":104},"end":{"line":30,"column":143}}]},"2":{"loc":{"start":{"line":32,"column":2},"end":{"line":32,"column":null}},"type":"if","locations":[{"start":{"line":32,"column":2},"end":{"line":32,"column":null}}]}},"s":{"0":3,"1":3,"2":3,"3":3,"4":3,"5":3,"6":3,"7":3,"8":3,"9":3,"10":3,"11":11,"12":3,"13":7,"14":7,"15":7,"16":7,"17":0,"18":7,"19":7,"20":7,"21":7,"22":0,"23":7,"24":7,"25":7,"26":7,"27":3},"f":{"0":11,"1":7,"2":7},"b":{"0":[0],"1":[7,7],"2":[0]}}
,"/home/j/code/next-k8s/packages/orders/src/routes/delete.ts": {"path":"/home/j/code/next-k8s/packages/orders/src/routes/delete.ts","statementMap":{"0":{"start":{"line":1,"column":0},"end":{"line":1,"column":91}},"1":{"start":{"line":2,"column":0},"end":{"line":2,"column":52}},"2":{"start":{"line":3,"column":0},"end":{"line":3,"column":42}},"3":{"start":{"line":5,"column":0},"end":{"line":5,"column":35}},"4":{"start":{"line":6,"column":0},"end":{"line":6,"column":68}},"5":{"start":{"line":7,"column":0},"end":{"line":7,"column":39}},"6":{"start":{"line":9,"column":15},"end":{"line":9,"column":31}},"7":{"start":{"line":11,"column":0},"end":{"line":28,"column":null}},"8":{"start":{"line":11,"column":84},"end":{"line":28,"column":2}},"9":{"start":{"line":12,"column":2},"end":{"line":12,"column":null}},"10":{"start":{"line":12,"column":39},"end":{"line":12,"column":null}},"11":{"start":{"line":13,"column":16},"end":{"line":13,"column":70}},"12":{"start":{"line":14,"column":2},"end":{"line":14,"column":null}},"13":{"start":{"line":14,"column":14},"end":{"line":14,"column":null}},"14":{"start":{"line":15,"column":2},"end":{"line":15,"column":100}},"15":{"start":{"line":15,"column":57},"end":{"line":15,"column":100}},"16":{"start":{"line":16,"column":2},"end":{"line":16,"column":null}},"17":{"start":{"line":17,"column":2},"end":{"line":17,"column":null}},"18":{"start":{"line":19,"column":2},"end":{"line":25,"column":null}},"19":{"start":{"line":27,"column":2},"end":{"line":27,"column":null}},"20":{"start":{"line":30,"column":0},"end":{"line":30,"column":null}}},"fnMap":{"0":{"name":"(anonymous_8)","decl":{"start":{"line":11,"column":46},"end":{"line":11,"column":53}},"loc":{"start":{"line":11,"column":84},"end":{"line":28,"column":2}}},"1":{"name":"(anonymous_9)","decl":{"start":{"line":11,"column":84},"end":{"line":11,"column":null}},"loc":{"start":{"line":11,"column":84},"end":{"line":28,"column":1}}}},"branchMap":{"0":{"loc":{"start":{"line":12,"column":2},"end":{"line":12,"column":null}},"type":"if","locations":[{"start":{"line":12,"column":2},"end":{"line":12,"column":null}}]},"1":{"loc":{"start":{"line":14,"column":2},"end":{"line":14,"column":null}},"type":"if","locations":[{"start":{"line":14,"column":2},"end":{"line":14,"column":null}}]},"2":{"loc":{"start":{"line":15,"column":2},"end":{"line":15,"column":100}},"type":"if","locations":[{"start":{"line":15,"column":2},"end":{"line":15,"column":100}}]}},"s":{"0":3,"1":3,"2":3,"3":3,"4":3,"5":3,"6":3,"7":3,"8":1,"9":1,"10":0,"11":1,"12":1,"13":0,"14":1,"15":0,"16":1,"17":1,"18":1,"19":1,"20":3},"f":{"0":1,"1":1},"b":{"0":[0],"1":[0],"2":[0]}}
,"/home/j/code/next-k8s/packages/orders/src/routes/get.ts": {"path":"/home/j/code/next-k8s/packages/orders/src/routes/get.ts","statementMap":{"0":{"start":{"line":1,"column":0},"end":{"line":1,"column":52}},"1":{"start":{"line":2,"column":0},"end":{"line":2,"column":78}},"2":{"start":{"line":3,"column":0},"end":{"line":3,"column":42}},"3":{"start":{"line":5,"column":0},"end":{"line":5,"column":35}},"4":{"start":{"line":7,"column":15},"end":{"line":7,"column":31}},"5":{"start":{"line":9,"column":0},"end":{"line":12,"column":null}},"6":{"start":{"line":9,"column":77},"end":{"line":12,"column":2}},"7":{"start":{"line":10,"column":17},"end":{"line":10,"column":84}},"8":{"start":{"line":11,"column":2},"end":{"line":11,"column":null}},"9":{"start":{"line":14,"column":0},"end":{"line":20,"column":null}},"10":{"start":{"line":14,"column":81},"end":{"line":20,"column":2}},"11":{"start":{"line":15,"column":2},"end":{"line":15,"column":null}},"12":{"start":{"line":15,"column":39},"end":{"line":15,"column":null}},"13":{"start":{"line":16,"column":16},"end":{"line":16,"column":70}},"14":{"start":{"line":17,"column":2},"end":{"line":17,"column":null}},"15":{"start":{"line":17,"column":14},"end":{"line":17,"column":null}},"16":{"start":{"line":18,"column":2},"end":{"line":18,"column":100}},"17":{"start":{"line":18,"column":57},"end":{"line":18,"column":100}},"18":{"start":{"line":19,"column":2},"end":{"line":19,"column":null}},"19":{"start":{"line":22,"column":0},"end":{"line":22,"column":null}}},"fnMap":{"0":{"name":"(anonymous_8)","decl":{"start":{"line":9,"column":39},"end":{"line":9,"column":46}},"loc":{"start":{"line":9,"column":77},"end":{"line":12,"column":2}}},"1":{"name":"(anonymous_9)","decl":{"start":{"line":9,"column":77},"end":{"line":9,"column":null}},"loc":{"start":{"line":9,"column":77},"end":{"line":12,"column":1}}},"2":{"name":"(anonymous_10)","decl":{"start":{"line":14,"column":43},"end":{"line":14,"column":50}},"loc":{"start":{"line":14,"column":81},"end":{"line":20,"column":2}}},"3":{"name":"(anonymous_11)","decl":{"start":{"line":14,"column":81},"end":{"line":14,"column":null}},"loc":{"start":{"line":14,"column":81},"end":{"line":20,"column":1}}}},"branchMap":{"0":{"loc":{"start":{"line":15,"column":2},"end":{"line":15,"column":null}},"type":"if","locations":[{"start":{"line":15,"column":2},"end":{"line":15,"column":null}}]},"1":{"loc":{"start":{"line":17,"column":2},"end":{"line":17,"column":null}},"type":"if","locations":[{"start":{"line":17,"column":2},"end":{"line":17,"column":null}}]},"2":{"loc":{"start":{"line":18,"column":2},"end":{"line":18,"column":100}},"type":"if","locations":[{"start":{"line":18,"column":2},"end":{"line":18,"column":100}}]}},"s":{"0":3,"1":3,"2":3,"3":3,"4":3,"5":3,"6":1,"7":1,"8":1,"9":3,"10":2,"11":2,"12":1,"13":1,"14":1,"15":0,"16":1,"17":0,"18":1,"19":3},"f":{"0":1,"1":1,"2":2,"3":2},"b":{"0":[1],"1":[0],"2":[0]}}
,"/home/j/code/next-k8s/packages/orders/src/routes/index.ts": {"path":"/home/j/code/next-k8s/packages/orders/src/routes/index.ts","statementMap":{"0":{"start":{"line":1,"column":0},"end":{"line":1,"column":28}},"1":{"start":{"line":2,"column":0},"end":{"line":2,"column":34}},"2":{"start":{"line":3,"column":0},"end":{"line":3,"column":34}},"3":{"start":{"line":5,"column":0},"end":{"line":5,"column":null}}},"fnMap":{},"branchMap":{},"s":{"0":3,"1":3,"2":3,"3":3},"f":{},"b":{}}
}
