{"/home/j/code/next-k8s/packages/orders/src/app.ts": {"path":"/home/j/code/next-k8s/packages/orders/src/app.ts","statementMap":{"0":{"start":{"line":1,"column":0},"end":{"line":1,"column":29}},"1":{"start":{"line":2,"column":0},"end":{"line":2,"column":29}},"2":{"start":{"line":3,"column":0},"end":{"line":3,"column":34}},"3":{"start":{"line":4,"column":0},"end":{"line":4,"column":42}},"4":{"start":{"line":6,"column":0},"end":{"line":6,"column":75}},"5":{"start":{"line":7,"column":0},"end":{"line":7,"column":29}},"6":{"start":{"line":9,"column":12},"end":{"line":9,"column":21}},"7":{"start":{"line":11,"column":0},"end":{"line":11,"column":null}},"8":{"start":{"line":12,"column":0},"end":{"line":12,"column":null}},"9":{"start":{"line":13,"column":0},"end":{"line":13,"column":null}},"10":{"start":{"line":14,"column":0},"end":{"line":14,"column":null}},"11":{"start":{"line":16,"column":0},"end":{"line":16,"column":null}},"12":{"start":{"line":17,"column":0},"end":{"line":17,"column":null}},"13":{"start":{"line":17,"column":28},"end":{"line":17,"column":null}},"14":{"start":{"line":18,"column":0},"end":{"line":18,"column":null}},"15":{"start":{"line":18,"column":32},"end":{"line":18,"column":63}},"16":{"start":{"line":18,"column":35},"end":{"line":18,"column":61}},"17":{"start":{"line":19,"column":0},"end":{"line":19,"column":null}},"18":{"start":{"line":21,"column":0},"end":{"line":21,"column":null}}},"fnMap":{"0":{"name":"(anonymous_8)","decl":{"start":{"line":18,"column":13},"end":{"line":18,"column":20}},"loc":{"start":{"line":18,"column":32},"end":{"line":18,"column":63}}},"1":{"name":"(anonymous_9)","decl":{"start":{"line":18,"column":32},"end":{"line":18,"column":35}},"loc":{"start":{"line":18,"column":32},"end":{"line":18,"column":62}}}},"branchMap":{},"s":{"0":4,"1":4,"2":4,"3":4,"4":4,"5":4,"6":4,"7":4,"8":4,"9":4,"10":4,"11":4,"12":4,"13":16,"14":4,"15":0,"16":0,"17":4,"18":4},"f":{"0":0,"1":0},"b":{}}
,"/home/j/code/next-k8s/packages/orders/src/models/order.ts": {"path":"/home/j/code/next-k8s/packages/orders/src/models/order.ts","statementMap":{"0":{"start":{"line":1,"column":0},"end":{"line":1,"column":45}},"1":{"start":{"line":2,"column":0},"end":{"line":2,"column":9}},"2":{"start":{"line":53,"column":9},"end":{"line":2,"column":46}},"3":{"start":{"line":23,"column":20},"end":{"line":51,"column":2}},"4":{"start":{"line":47,"column":6},"end":{"line":47,"column":null}},"5":{"start":{"line":48,"column":6},"end":{"line":48,"column":null}},"6":{"start":{"line":55,"column":13},"end":{"line":55,"column":null}},"7":{"start":{"line":58,"column":4},"end":{"line":58,"column":null}},"8":{"start":{"line":56,"column":0},"end":{"line":56,"column":21}}},"fnMap":{"0":{"name":"(anonymous_1)","decl":{"start":{"line":53,"column":9},"end":{"line":53,"column":20}},"loc":{"start":{"line":53,"column":9},"end":{"line":2,"column":46}}},"1":{"name":"(anonymous_2)","decl":{"start":{"line":46,"column":4},"end":{"line":46,"column":13}},"loc":{"start":{"line":46,"column":23},"end":{"line":49,"column":5}}},"2":{"name":"(anonymous_3)","decl":{"start":{"line":57,"column":2},"end":{"line":57,"column":14}},"loc":{"start":{"line":57,"column":41},"end":{"line":59,"column":3}}}},"branchMap":{},"s":{"0":4,"1":4,"2":28,"3":4,"4":12,"5":12,"6":4,"7":14,"8":4},"f":{"0":24,"1":12,"2":14},"b":{}}
,"/home/j/code/next-k8s/packages/orders/src/models/ticket.ts": {"path":"/home/j/code/next-k8s/packages/orders/src/models/ticket.ts","statementMap":{"0":{"start":{"line":1,"column":0},"end":{"line":1,"column":31}},"1":{"start":{"line":2,"column":0},"end":{"line":2,"column":44}},"2":{"start":{"line":15,"column":21},"end":{"line":34,"column":2}},"3":{"start":{"line":30,"column":6},"end":{"line":30,"column":null}},"4":{"start":{"line":31,"column":6},"end":{"line":31,"column":null}},"5":{"start":{"line":36,"column":0},"end":{"line":49,"column":null}},"6":{"start":{"line":37,"column":22},"end":{"line":46,"column":4}},"7":{"start":{"line":48,"column":2},"end":{"line":48,"column":null}},"8":{"start":{"line":51,"column":13},"end":{"line":51,"column":null}},"9":{"start":{"line":54,"column":4},"end":{"line":54,"column":null}},"10":{"start":{"line":52,"column":0},"end":{"line":52,"column":21}}},"fnMap":{"0":{"name":"(anonymous_14)","decl":{"start":{"line":29,"column":4},"end":{"line":29,"column":13}},"loc":{"start":{"line":29,"column":23},"end":{"line":32,"column":5}}},"1":{"name":"(anonymous_15)","decl":{"start":{"line":36,"column":34},"end":{"line":36,"column":null}},"loc":{"start":{"line":36,"column":34},"end":{"line":49,"column":null}}},"2":{"name":"(anonymous_17)","decl":{"start":{"line":53,"column":2},"end":{"line":53,"column":14}},"loc":{"start":{"line":53,"column":42},"end":{"line":55,"column":3}}}},"branchMap":{},"s":{"0":4,"1":4,"2":4,"3":12,"4":12,"5":4,"6":8,"7":8,"8":4,"9":31,"10":4},"f":{"0":12,"1":8,"2":31},"b":{}}
,"/home/j/code/next-k8s/packages/orders/src/routes/create.ts": {"path":"/home/j/code/next-k8s/packages/orders/src/routes/create.ts","statementMap":{"0":{"start":{"line":1,"column":0},"end":{"line":1,"column":31}},"1":{"start":{"line":2,"column":0},"end":{"line":2,"column":52}},"2":{"start":{"line":3,"column":0},"end":{"line":3,"column":108}},"3":{"start":{"line":4,"column":0},"end":{"line":4,"column":40}},"4":{"start":{"line":6,"column":0},"end":{"line":6,"column":37}},"5":{"start":{"line":7,"column":0},"end":{"line":7,"column":35}},"6":{"start":{"line":9,"column":48},"end":{"line":9,"column":55}},"7":{"start":{"line":11,"column":15},"end":{"line":11,"column":31}},"8":{"start":{"line":13,"column":22},"end":{"line":19,"column":null}},"9":{"start":{"line":17,"column":31},"end":{"line":17,"column":69}},"10":{"start":{"line":21,"column":0},"end":{"line":41,"column":null}},"11":{"start":{"line":21,"column":110},"end":{"line":41,"column":2}},"12":{"start":{"line":22,"column":23},"end":{"line":22,"column":31}},"13":{"start":{"line":23,"column":17},"end":{"line":23,"column":48}},"14":{"start":{"line":24,"column":18},"end":{"line":24,"column":39}},"15":{"start":{"line":25,"column":2},"end":{"line":25,"column":null}},"16":{"start":{"line":25,"column":15},"end":{"line":25,"column":null}},"17":{"start":{"line":27,"column":21},"end":{"line":27,"column":46}},"18":{"start":{"line":28,"column":21},"end":{"line":28,"column":31}},"19":{"start":{"line":29,"column":2},"end":{"line":29,"column":null}},"20":{"start":{"line":31,"column":2},"end":{"line":31,"column":null}},"21":{"start":{"line":31,"column":18},"end":{"line":31,"column":null}},"22":{"start":{"line":33,"column":16},"end":{"line":37,"column":4}},"23":{"start":{"line":39,"column":2},"end":{"line":39,"column":null}},"24":{"start":{"line":40,"column":2},"end":{"line":40,"column":null}},"25":{"start":{"line":43,"column":0},"end":{"line":43,"column":null}}},"fnMap":{"0":{"name":"(anonymous_8)","decl":{"start":{"line":17,"column":12},"end":{"line":17,"column":13}},"loc":{"start":{"line":17,"column":31},"end":{"line":17,"column":69}}},"1":{"name":"(anonymous_9)","decl":{"start":{"line":21,"column":72},"end":{"line":21,"column":79}},"loc":{"start":{"line":21,"column":110},"end":{"line":41,"column":2}}},"2":{"name":"(anonymous_10)","decl":{"start":{"line":21,"column":110},"end":{"line":21,"column":null}},"loc":{"start":{"line":21,"column":110},"end":{"line":41,"column":1}}}},"branchMap":{"0":{"loc":{"start":{"line":25,"column":2},"end":{"line":25,"column":null}},"type":"if","locations":[{"start":{"line":25,"column":2},"end":{"line":25,"column":null}}]},"1":{"loc":{"start":{"line":29,"column":57},"end":{"line":29,"column":143}},"type":"binary-expr","locations":[{"start":{"line":29,"column":57},"end":{"line":29,"column":100}},{"start":{"line":29,"column":104},"end":{"line":29,"column":143}}]},"2":{"loc":{"start":{"line":31,"column":2},"end":{"line":31,"column":null}},"type":"if","locations":[{"start":{"line":31,"column":2},"end":{"line":31,"column":null}}]}},"s":{"0":4,"1":4,"2":4,"3":4,"4":4,"5":4,"6":4,"7":4,"8":4,"9":12,"10":4,"11":8,"12":8,"13":8,"14":8,"15":8,"16":0,"17":8,"18":8,"19":8,"20":8,"21":0,"22":8,"23":8,"24":8,"25":4},"f":{"0":12,"1":8,"2":8},"b":{"0":[0],"1":[8,8],"2":[0]}}
,"/home/j/code/next-k8s/packages/orders/src/routes/delete.ts": {"path":"/home/j/code/next-k8s/packages/orders/src/routes/delete.ts","statementMap":{"0":{"start":{"line":1,"column":0},"end":{"line":1,"column":91}},"1":{"start":{"line":2,"column":0},"end":{"line":2,"column":52}},"2":{"start":{"line":3,"column":0},"end":{"line":3,"column":42}},"3":{"start":{"line":5,"column":0},"end":{"line":5,"column":35}},"4":{"start":{"line":7,"column":15},"end":{"line":7,"column":31}},"5":{"start":{"line":9,"column":0},"end":{"line":17,"column":null}},"6":{"start":{"line":9,"column":84},"end":{"line":17,"column":2}},"7":{"start":{"line":10,"column":2},"end":{"line":10,"column":null}},"8":{"start":{"line":10,"column":39},"end":{"line":10,"column":null}},"9":{"start":{"line":11,"column":16},"end":{"line":11,"column":70}},"10":{"start":{"line":12,"column":2},"end":{"line":12,"column":null}},"11":{"start":{"line":12,"column":14},"end":{"line":12,"column":null}},"12":{"start":{"line":13,"column":2},"end":{"line":13,"column":100}},"13":{"start":{"line":13,"column":57},"end":{"line":13,"column":100}},"14":{"start":{"line":14,"column":2},"end":{"line":14,"column":null}},"15":{"start":{"line":15,"column":2},"end":{"line":15,"column":null}},"16":{"start":{"line":16,"column":2},"end":{"line":16,"column":null}},"17":{"start":{"line":19,"column":0},"end":{"line":19,"column":null}}},"fnMap":{"0":{"name":"(anonymous_8)","decl":{"start":{"line":9,"column":46},"end":{"line":9,"column":53}},"loc":{"start":{"line":9,"column":84},"end":{"line":17,"column":2}}},"1":{"name":"(anonymous_9)","decl":{"start":{"line":9,"column":84},"end":{"line":9,"column":null}},"loc":{"start":{"line":9,"column":84},"end":{"line":17,"column":1}}}},"branchMap":{"0":{"loc":{"start":{"line":10,"column":2},"end":{"line":10,"column":null}},"type":"if","locations":[{"start":{"line":10,"column":2},"end":{"line":10,"column":null}}]},"1":{"loc":{"start":{"line":12,"column":2},"end":{"line":12,"column":null}},"type":"if","locations":[{"start":{"line":12,"column":2},"end":{"line":12,"column":null}}]},"2":{"loc":{"start":{"line":13,"column":2},"end":{"line":13,"column":100}},"type":"if","locations":[{"start":{"line":13,"column":2},"end":{"line":13,"column":100}}]}},"s":{"0":4,"1":4,"2":4,"3":4,"4":4,"5":4,"6":1,"7":1,"8":0,"9":1,"10":1,"11":0,"12":1,"13":0,"14":1,"15":1,"16":1,"17":4},"f":{"0":1,"1":1},"b":{"0":[0],"1":[0],"2":[0]}}
,"/home/j/code/next-k8s/packages/orders/src/routes/get.ts": {"path":"/home/j/code/next-k8s/packages/orders/src/routes/get.ts","statementMap":{"0":{"start":{"line":1,"column":0},"end":{"line":1,"column":52}},"1":{"start":{"line":2,"column":0},"end":{"line":2,"column":78}},"2":{"start":{"line":3,"column":0},"end":{"line":3,"column":42}},"3":{"start":{"line":5,"column":0},"end":{"line":5,"column":35}},"4":{"start":{"line":7,"column":15},"end":{"line":7,"column":31}},"5":{"start":{"line":9,"column":0},"end":{"line":12,"column":null}},"6":{"start":{"line":9,"column":77},"end":{"line":12,"column":2}},"7":{"start":{"line":10,"column":17},"end":{"line":10,"column":84}},"8":{"start":{"line":11,"column":2},"end":{"line":11,"column":null}},"9":{"start":{"line":14,"column":0},"end":{"line":20,"column":null}},"10":{"start":{"line":14,"column":81},"end":{"line":20,"column":2}},"11":{"start":{"line":15,"column":2},"end":{"line":15,"column":null}},"12":{"start":{"line":15,"column":39},"end":{"line":15,"column":null}},"13":{"start":{"line":16,"column":16},"end":{"line":16,"column":70}},"14":{"start":{"line":17,"column":2},"end":{"line":17,"column":null}},"15":{"start":{"line":17,"column":14},"end":{"line":17,"column":null}},"16":{"start":{"line":18,"column":2},"end":{"line":18,"column":100}},"17":{"start":{"line":18,"column":57},"end":{"line":18,"column":100}},"18":{"start":{"line":19,"column":2},"end":{"line":19,"column":null}},"19":{"start":{"line":22,"column":0},"end":{"line":22,"column":null}}},"fnMap":{"0":{"name":"(anonymous_8)","decl":{"start":{"line":9,"column":39},"end":{"line":9,"column":46}},"loc":{"start":{"line":9,"column":77},"end":{"line":12,"column":2}}},"1":{"name":"(anonymous_9)","decl":{"start":{"line":9,"column":77},"end":{"line":9,"column":null}},"loc":{"start":{"line":9,"column":77},"end":{"line":12,"column":1}}},"2":{"name":"(anonymous_10)","decl":{"start":{"line":14,"column":43},"end":{"line":14,"column":50}},"loc":{"start":{"line":14,"column":81},"end":{"line":20,"column":2}}},"3":{"name":"(anonymous_11)","decl":{"start":{"line":14,"column":81},"end":{"line":14,"column":null}},"loc":{"start":{"line":14,"column":81},"end":{"line":20,"column":1}}}},"branchMap":{"0":{"loc":{"start":{"line":15,"column":2},"end":{"line":15,"column":null}},"type":"if","locations":[{"start":{"line":15,"column":2},"end":{"line":15,"column":null}}]},"1":{"loc":{"start":{"line":17,"column":2},"end":{"line":17,"column":null}},"type":"if","locations":[{"start":{"line":17,"column":2},"end":{"line":17,"column":null}}]},"2":{"loc":{"start":{"line":18,"column":2},"end":{"line":18,"column":100}},"type":"if","locations":[{"start":{"line":18,"column":2},"end":{"line":18,"column":100}}]}},"s":{"0":4,"1":4,"2":4,"3":4,"4":4,"5":4,"6":1,"7":1,"8":1,"9":4,"10":2,"11":2,"12":1,"13":1,"14":1,"15":0,"16":1,"17":0,"18":1,"19":4},"f":{"0":1,"1":1,"2":2,"3":2},"b":{"0":[1],"1":[0],"2":[0]}}
,"/home/j/code/next-k8s/packages/orders/src/routes/index.ts": {"path":"/home/j/code/next-k8s/packages/orders/src/routes/index.ts","statementMap":{"0":{"start":{"line":1,"column":0},"end":{"line":1,"column":28}},"1":{"start":{"line":2,"column":0},"end":{"line":2,"column":34}},"2":{"start":{"line":3,"column":0},"end":{"line":3,"column":34}},"3":{"start":{"line":4,"column":0},"end":{"line":4,"column":34}},"4":{"start":{"line":6,"column":0},"end":{"line":6,"column":null}}},"fnMap":{},"branchMap":{},"s":{"0":4,"1":4,"2":4,"3":4,"4":4},"f":{},"b":{}}
,"/home/j/code/next-k8s/packages/orders/src/routes/update.ts": {"path":"/home/j/code/next-k8s/packages/orders/src/routes/update.ts","statementMap":{"0":{"start":{"line":1,"column":0},"end":{"line":1,"column":78}},"1":{"start":{"line":2,"column":0},"end":{"line":2,"column":52}},"2":{"start":{"line":3,"column":0},"end":{"line":3,"column":42}},"3":{"start":{"line":5,"column":0},"end":{"line":5,"column":35}},"4":{"start":{"line":7,"column":15},"end":{"line":7,"column":31}},"5":{"start":{"line":9,"column":0},"end":{"line":17,"column":null}},"6":{"start":{"line":9,"column":81},"end":{"line":17,"column":2}},"7":{"start":{"line":10,"column":2},"end":{"line":10,"column":null}},"8":{"start":{"line":10,"column":39},"end":{"line":10,"column":null}},"9":{"start":{"line":11,"column":16},"end":{"line":11,"column":70}},"10":{"start":{"line":12,"column":2},"end":{"line":12,"column":null}},"11":{"start":{"line":12,"column":14},"end":{"line":12,"column":null}},"12":{"start":{"line":13,"column":2},"end":{"line":13,"column":100}},"13":{"start":{"line":13,"column":57},"end":{"line":13,"column":100}},"14":{"start":{"line":14,"column":2},"end":{"line":14,"column":null}},"15":{"start":{"line":15,"column":2},"end":{"line":15,"column":null}},"16":{"start":{"line":16,"column":2},"end":{"line":16,"column":null}},"17":{"start":{"line":19,"column":0},"end":{"line":19,"column":null}}},"fnMap":{"0":{"name":"(anonymous_8)","decl":{"start":{"line":9,"column":43},"end":{"line":9,"column":50}},"loc":{"start":{"line":9,"column":81},"end":{"line":17,"column":2}}},"1":{"name":"(anonymous_9)","decl":{"start":{"line":9,"column":81},"end":{"line":9,"column":null}},"loc":{"start":{"line":9,"column":81},"end":{"line":17,"column":1}}}},"branchMap":{"0":{"loc":{"start":{"line":10,"column":2},"end":{"line":10,"column":null}},"type":"if","locations":[{"start":{"line":10,"column":2},"end":{"line":10,"column":null}}]},"1":{"loc":{"start":{"line":12,"column":2},"end":{"line":12,"column":null}},"type":"if","locations":[{"start":{"line":12,"column":2},"end":{"line":12,"column":null}}]},"2":{"loc":{"start":{"line":13,"column":2},"end":{"line":13,"column":100}},"type":"if","locations":[{"start":{"line":13,"column":2},"end":{"line":13,"column":100}}]}},"s":{"0":4,"1":4,"2":4,"3":4,"4":4,"5":4,"6":4,"7":4,"8":2,"9":2,"10":2,"11":2,"12":0,"13":0,"14":0,"15":0,"16":0,"17":4},"f":{"0":4,"1":4},"b":{"0":[2],"1":[2],"2":[0]}}
}
