TN:
SF:src/app.ts
FN:18,(anonymous_8)
FN:18,(anonymous_9)
FNF:2
FNH:0
FNDA:0,(anonymous_8)
FNDA:0,(anonymous_9)
DA:1,4
DA:2,4
DA:3,4
DA:4,4
DA:6,4
DA:7,4
DA:9,4
DA:11,4
DA:12,4
DA:13,4
DA:14,4
DA:16,4
DA:17,16
DA:18,4
DA:19,4
DA:21,4
LF:16
LH:16
BRF:0
BRH:0
end_of_record
TN:
SF:src/models/order.ts
FN:53,(anonymous_1)
FN:46,(anonymous_2)
FN:57,(anonymous_3)
FNF:3
FNH:3
FNDA:24,(anonymous_1)
FNDA:12,(anonymous_2)
FNDA:14,(anonymous_3)
DA:1,4
DA:2,4
DA:23,4
DA:47,12
DA:48,12
DA:53,28
DA:55,4
DA:56,4
DA:58,14
LF:9
LH:9
BRF:0
BRH:0
end_of_record
TN:
SF:src/models/ticket.ts
FN:29,(anonymous_14)
FN:36,(anonymous_15)
FN:53,(anonymous_17)
FNF:3
FNH:3
FNDA:12,(anonymous_14)
FNDA:8,(anonymous_15)
FNDA:31,(anonymous_17)
DA:1,4
DA:2,4
DA:15,4
DA:30,12
DA:31,12
DA:36,4
DA:37,8
DA:48,8
DA:51,4
DA:52,4
DA:54,31
LF:11
LH:11
BRF:0
BRH:0
end_of_record
TN:
SF:src/routes/create.ts
FN:17,(anonymous_8)
FN:21,(anonymous_9)
FN:21,(anonymous_10)
FNF:3
FNH:3
FNDA:12,(anonymous_8)
FNDA:8,(anonymous_9)
FNDA:8,(anonymous_10)
DA:1,4
DA:2,4
DA:3,4
DA:4,4
DA:6,4
DA:7,4
DA:9,4
DA:11,4
DA:13,4
DA:17,12
DA:21,8
DA:22,8
DA:23,8
DA:24,8
DA:26,8
DA:28,8
DA:30,8
DA:31,8
DA:32,8
DA:34,8
DA:36,8
DA:42,8
DA:43,8
DA:46,4
LF:24
LH:24
BRDA:28,0,0,0
BRDA:32,1,0,8
BRDA:32,1,1,8
BRDA:34,2,0,0
BRF:4
BRH:2
end_of_record
TN:
SF:src/routes/delete.ts
FN:9,(anonymous_8)
FN:9,(anonymous_9)
FNF:2
FNH:2
FNDA:1,(anonymous_8)
FNDA:1,(anonymous_9)
DA:1,4
DA:2,4
DA:3,4
DA:5,4
DA:7,4
DA:9,4
DA:10,1
DA:11,1
DA:12,1
DA:13,1
DA:14,1
DA:15,1
DA:16,1
DA:19,4
LF:14
LH:14
BRDA:10,0,0,0
BRDA:12,1,0,0
BRDA:13,2,0,0
BRF:3
BRH:0
end_of_record
TN:
SF:src/routes/get.ts
FN:9,(anonymous_8)
FN:9,(anonymous_9)
FN:14,(anonymous_10)
FN:14,(anonymous_11)
FNF:4
FNH:4
FNDA:1,(anonymous_8)
FNDA:1,(anonymous_9)
FNDA:2,(anonymous_10)
FNDA:2,(anonymous_11)
DA:1,4
DA:2,4
DA:3,4
DA:5,4
DA:7,4
DA:9,4
DA:10,1
DA:11,1
DA:14,4
DA:15,2
DA:16,1
DA:17,1
DA:18,1
DA:19,1
DA:22,4
LF:15
LH:15
BRDA:15,0,0,1
BRDA:17,1,0,0
BRDA:18,2,0,0
BRF:3
BRH:1
end_of_record
TN:
SF:src/routes/index.ts
FNF:0
FNH:0
DA:1,4
DA:2,4
DA:3,4
DA:4,4
DA:6,4
LF:5
LH:5
BRF:0
BRH:0
end_of_record
TN:
SF:src/routes/update.ts
FN:9,(anonymous_8)
FN:9,(anonymous_9)
FNF:2
FNH:2
FNDA:4,(anonymous_8)
FNDA:4,(anonymous_9)
DA:1,4
DA:2,4
DA:3,4
DA:5,4
DA:7,4
DA:9,4
DA:10,4
DA:11,2
DA:12,2
DA:13,0
DA:14,0
DA:15,0
DA:16,0
DA:19,4
LF:14
LH:10
BRDA:10,0,0,2
BRDA:12,1,0,2
BRDA:13,2,0,0
BRF:3
BRH:2
end_of_record
