TN:
SF:src/app.ts
FN:18,(anonymous_8)
FN:18,(anonymous_9)
FNF:2
FNH:0
FNDA:0,(anonymous_8)
FNDA:0,(anonymous_9)
DA:1,4
DA:2,4
DA:3,4
DA:4,4
DA:6,4
DA:7,4
DA:9,4
DA:11,4
DA:12,4
DA:13,4
DA:14,4
DA:16,4
DA:17,16
DA:18,4
DA:19,4
DA:21,4
LF:16
LH:16
BRF:0
BRH:0
end_of_record
TN:
SF:src/models/order.ts
FN:53,(anonymous_1)
FN:46,(anonymous_2)
FN:57,(anonymous_3)
FNF:3
FNH:3
FNDA:21,(anonymous_1)
FNDA:10,(anonymous_2)
FNDA:11,(anonymous_3)
DA:1,4
DA:2,4
DA:23,4
DA:47,10
DA:48,10
DA:53,25
DA:55,4
DA:56,4
DA:58,11
LF:9
LH:9
BRF:0
BRH:0
end_of_record
TN:
SF:src/models/ticket.ts
FN:29,(anonymous_14)
FN:36,(anonymous_15)
FN:53,(anonymous_17)
FNF:3
FNH:3
FNDA:10,(anonymous_14)
FNDA:7,(anonymous_15)
FNDA:28,(anonymous_17)
DA:1,4
DA:2,4
DA:15,4
DA:30,10
DA:31,10
DA:36,4
DA:37,7
DA:48,7
DA:51,4
DA:52,4
DA:54,28
LF:11
LH:11
BRF:0
BRH:0
end_of_record
TN:
SF:src/routes/create.ts
FN:17,(anonymous_8)
FN:21,(anonymous_9)
FN:21,(anonymous_10)
FNF:3
FNH:3
FNDA:11,(anonymous_8)
FNDA:7,(anonymous_9)
FNDA:7,(anonymous_10)
DA:1,4
DA:2,4
DA:3,4
DA:4,4
DA:6,4
DA:7,4
DA:9,4
DA:11,4
DA:13,4
DA:17,11
DA:21,7
DA:22,7
DA:23,7
DA:24,7
DA:25,7
DA:27,7
DA:28,7
DA:29,7
DA:31,7
DA:33,7
DA:39,7
DA:40,7
DA:43,4
LF:23
LH:23
BRDA:25,0,0,0
BRDA:29,1,0,7
BRDA:29,1,1,7
BRDA:31,2,0,0
BRF:4
BRH:2
end_of_record
TN:
SF:src/routes/delete.ts
FN:9,(anonymous_8)
FN:9,(anonymous_9)
FNF:2
FNH:0
FNDA:0,(anonymous_8)
FNDA:0,(anonymous_9)
DA:1,4
DA:2,4
DA:3,4
DA:5,4
DA:7,4
DA:9,4
DA:10,0
DA:11,0
DA:12,0
DA:13,0
DA:14,0
DA:15,0
DA:16,0
DA:19,4
LF:14
LH:7
BRDA:10,0,0,0
BRDA:12,1,0,0
BRDA:13,2,0,0
BRF:3
BRH:0
end_of_record
TN:
SF:src/routes/get.ts
FN:9,(anonymous_8)
FN:9,(anonymous_9)
FN:14,(anonymous_10)
FN:14,(anonymous_11)
FNF:4
FNH:4
FNDA:1,(anonymous_8)
FNDA:1,(anonymous_9)
FNDA:2,(anonymous_10)
FNDA:2,(anonymous_11)
DA:1,4
DA:2,4
DA:3,4
DA:5,4
DA:7,4
DA:9,4
DA:10,1
DA:11,1
DA:14,4
DA:15,2
DA:16,1
DA:17,1
DA:18,1
DA:19,1
DA:22,4
LF:15
LH:15
BRDA:15,0,0,1
BRDA:17,1,0,0
BRDA:18,2,0,0
BRF:3
BRH:1
end_of_record
TN:
SF:src/routes/index.ts
FNF:0
FNH:0
DA:1,4
DA:2,4
DA:3,4
DA:4,4
DA:6,4
LF:5
LH:5
BRF:0
BRH:0
end_of_record
TN:
SF:src/routes/update.ts
FN:9,(anonymous_8)
FN:9,(anonymous_9)
FNF:2
FNH:2
FNDA:4,(anonymous_8)
FNDA:4,(anonymous_9)
DA:1,4
DA:2,4
DA:3,4
DA:5,4
DA:7,4
DA:9,4
DA:10,4
DA:11,2
DA:12,2
DA:13,0
DA:14,0
DA:15,0
DA:16,0
DA:19,4
LF:14
LH:10
BRDA:10,0,0,2
BRDA:12,1,0,2
BRDA:13,2,0,0
BRF:3
BRH:2
end_of_record
