{"/home/j/code/next-k8s/packages/tickets/src/app.ts": {"path":"/home/j/code/next-k8s/packages/tickets/src/app.ts","statementMap":{"0":{"start":{"line":1,"column":0},"end":{"line":1,"column":29}},"1":{"start":{"line":2,"column":0},"end":{"line":2,"column":29}},"2":{"start":{"line":3,"column":0},"end":{"line":3,"column":34}},"3":{"start":{"line":4,"column":0},"end":{"line":4,"column":42}},"4":{"start":{"line":6,"column":0},"end":{"line":6,"column":75}},"5":{"start":{"line":7,"column":0},"end":{"line":7,"column":29}},"6":{"start":{"line":9,"column":12},"end":{"line":9,"column":21}},"7":{"start":{"line":11,"column":0},"end":{"line":11,"column":null}},"8":{"start":{"line":12,"column":0},"end":{"line":12,"column":null}},"9":{"start":{"line":13,"column":0},"end":{"line":13,"column":null}},"10":{"start":{"line":14,"column":0},"end":{"line":14,"column":null}},"11":{"start":{"line":16,"column":0},"end":{"line":16,"column":null}},"12":{"start":{"line":17,"column":0},"end":{"line":17,"column":null}},"13":{"start":{"line":17,"column":28},"end":{"line":17,"column":null}},"14":{"start":{"line":18,"column":0},"end":{"line":18,"column":null}},"15":{"start":{"line":18,"column":32},"end":{"line":18,"column":63}},"16":{"start":{"line":18,"column":35},"end":{"line":18,"column":61}},"17":{"start":{"line":19,"column":0},"end":{"line":19,"column":null}},"18":{"start":{"line":21,"column":0},"end":{"line":21,"column":null}}},"fnMap":{"0":{"name":"(anonymous_8)","decl":{"start":{"line":18,"column":13},"end":{"line":18,"column":20}},"loc":{"start":{"line":18,"column":32},"end":{"line":18,"column":63}}},"1":{"name":"(anonymous_9)","decl":{"start":{"line":18,"column":32},"end":{"line":18,"column":35}},"loc":{"start":{"line":18,"column":32},"end":{"line":18,"column":62}}}},"branchMap":{},"s":{"0":3,"1":3,"2":3,"3":3,"4":3,"5":3,"6":3,"7":3,"8":3,"9":3,"10":3,"11":3,"12":3,"13":9,"14":3,"15":0,"16":0,"17":3,"18":3},"f":{"0":0,"1":0},"b":{}}
,"/home/j/code/next-k8s/packages/tickets/src/events/listeners/_queue-group-name.ts": {"path":"/home/j/code/next-k8s/packages/tickets/src/events/listeners/_queue-group-name.ts","statementMap":{"0":{"start":{"line":1,"column":0},"end":{"line":1,"column":null}}},"fnMap":{},"branchMap":{},"s":{"0":1},"f":{},"b":{}}
,"/home/j/code/next-k8s/packages/tickets/src/events/listeners/order-created.ts": {"path":"/home/j/code/next-k8s/packages/tickets/src/events/listeners/order-created.ts","statementMap":{"0":{"start":{"line":1,"column":0},"end":{"line":1,"column":87}},"1":{"start":{"line":3,"column":0},"end":{"line":3,"column":40}},"2":{"start":{"line":6,"column":0},"end":{"line":6,"column":48}},"3":{"start":{"line":9,"column":11},"end":{"line":9,"column":null}},"4":{"start":{"line":10,"column":2},"end":{"line":10,"column":null}},"5":{"start":{"line":13,"column":19},"end":{"line":13,"column":56}},"6":{"start":{"line":14,"column":4},"end":{"line":14,"column":null}},"7":{"start":{"line":14,"column":17},"end":{"line":14,"column":null}},"8":{"start":{"line":15,"column":4},"end":{"line":15,"column":null}},"9":{"start":{"line":16,"column":4},"end":{"line":16,"column":null}},"10":{"start":{"line":18,"column":4},"end":{"line":18,"column":null}},"11":{"start":{"line":8,"column":0},"end":{"line":8,"column":13}},"12":{"start":{"line":22,"column":0},"end":{"line":22,"column":null}}},"fnMap":{"0":{"name":"(anonymous_8)","decl":{"start":{"line":8,"column":0},"end":{"line":8,"column":13}},"loc":{"start":{"line":8,"column":0},"end":{"line":20,"column":1}}},"1":{"name":"(anonymous_9)","decl":{"start":{"line":12,"column":8},"end":{"line":12,"column":17}},"loc":{"start":{"line":12,"column":64},"end":{"line":19,"column":null}}}},"branchMap":{"0":{"loc":{"start":{"line":14,"column":4},"end":{"line":14,"column":null}},"type":"if","locations":[{"start":{"line":14,"column":4},"end":{"line":14,"column":null}}]}},"s":{"0":1,"1":1,"2":1,"3":2,"4":2,"5":2,"6":2,"7":0,"8":2,"9":2,"10":2,"11":1,"12":1},"f":{"0":2,"1":2},"b":{"0":[0]}}
,"/home/j/code/next-k8s/packages/tickets/src/events/publishers/created.ts": {"path":"/home/j/code/next-k8s/packages/tickets/src/events/publishers/created.ts","statementMap":{"0":{"start":{"line":1,"column":0},"end":{"line":1,"column":74}},"1":{"start":{"line":4,"column":11},"end":{"line":4,"column":null}},"2":{"start":{"line":3,"column":0},"end":{"line":3,"column":13}},"3":{"start":{"line":7,"column":0},"end":{"line":7,"column":null}}},"fnMap":{"0":{"name":"(anonymous_0)","decl":{"start":{"line":3,"column":0},"end":{"line":3,"column":13}},"loc":{"start":{"line":3,"column":0},"end":{"line":5,"column":1}}}},"branchMap":{},"s":{"0":3,"1":10,"2":3,"3":3},"f":{"0":10},"b":{}}
,"/home/j/code/next-k8s/packages/tickets/src/events/publishers/updated.ts": {"path":"/home/j/code/next-k8s/packages/tickets/src/events/publishers/updated.ts","statementMap":{"0":{"start":{"line":1,"column":0},"end":{"line":1,"column":74}},"1":{"start":{"line":4,"column":11},"end":{"line":4,"column":null}},"2":{"start":{"line":3,"column":0},"end":{"line":3,"column":13}},"3":{"start":{"line":7,"column":0},"end":{"line":7,"column":null}}},"fnMap":{"0":{"name":"(anonymous_0)","decl":{"start":{"line":3,"column":0},"end":{"line":3,"column":13}},"loc":{"start":{"line":3,"column":0},"end":{"line":5,"column":1}}}},"branchMap":{},"s":{"0":3,"1":1,"2":3,"3":3},"f":{"0":1},"b":{}}
,"/home/j/code/next-k8s/packages/tickets/src/models/ticket.ts": {"path":"/home/j/code/next-k8s/packages/tickets/src/models/ticket.ts","statementMap":{"0":{"start":{"line":1,"column":0},"end":{"line":1,"column":45}},"1":{"start":{"line":2,"column":0},"end":{"line":2,"column":66}},"2":{"start":{"line":13,"column":21},"end":{"line":40,"column":2}},"3":{"start":{"line":35,"column":6},"end":{"line":35,"column":null}},"4":{"start":{"line":36,"column":6},"end":{"line":36,"column":null}},"5":{"start":{"line":37,"column":6},"end":{"line":37,"column":null}},"6":{"start":{"line":42,"column":0},"end":{"line":42,"column":null}},"7":{"start":{"line":43,"column":0},"end":{"line":43,"column":null}},"8":{"start":{"line":45,"column":13},"end":{"line":45,"column":null}},"9":{"start":{"line":48,"column":4},"end":{"line":48,"column":null}},"10":{"start":{"line":46,"column":0},"end":{"line":46,"column":21}}},"fnMap":{"0":{"name":"(anonymous_1)","decl":{"start":{"line":34,"column":4},"end":{"line":34,"column":13}},"loc":{"start":{"line":34,"column":23},"end":{"line":38,"column":5}}},"1":{"name":"(anonymous_2)","decl":{"start":{"line":47,"column":2},"end":{"line":47,"column":14}},"loc":{"start":{"line":47,"column":42},"end":{"line":49,"column":3}}}},"branchMap":{},"s":{"0":5,"1":5,"2":5,"3":15,"4":15,"5":15,"6":5,"7":5,"8":5,"9":26,"10":5},"f":{"0":15,"1":26},"b":{}}
,"/home/j/code/next-k8s/packages/tickets/src/routes/create.ts": {"path":"/home/j/code/next-k8s/packages/tickets/src/routes/create.ts","statementMap":{"0":{"start":{"line":1,"column":0},"end":{"line":1,"column":52}},"1":{"start":{"line":2,"column":0},"end":{"line":2,"column":40}},"2":{"start":{"line":3,"column":0},"end":{"line":3,"column":63}},"3":{"start":{"line":5,"column":0},"end":{"line":5,"column":37}},"4":{"start":{"line":6,"column":0},"end":{"line":6,"column":65}},"5":{"start":{"line":7,"column":0},"end":{"line":7,"column":39}},"6":{"start":{"line":9,"column":15},"end":{"line":9,"column":31}},"7":{"start":{"line":11,"column":22},"end":{"line":14,"column":null}},"8":{"start":{"line":16,"column":0},"end":{"line":22,"column":null}},"9":{"start":{"line":16,"column":111},"end":{"line":22,"column":2}},"10":{"start":{"line":17,"column":27},"end":{"line":17,"column":35}},"11":{"start":{"line":18,"column":17},"end":{"line":18,"column":73}},"12":{"start":{"line":19,"column":2},"end":{"line":19,"column":null}},"13":{"start":{"line":20,"column":2},"end":{"line":20,"column":null}},"14":{"start":{"line":21,"column":2},"end":{"line":21,"column":null}},"15":{"start":{"line":24,"column":0},"end":{"line":24,"column":null}}},"fnMap":{"0":{"name":"(anonymous_8)","decl":{"start":{"line":16,"column":73},"end":{"line":16,"column":80}},"loc":{"start":{"line":16,"column":111},"end":{"line":22,"column":2}}},"1":{"name":"(anonymous_9)","decl":{"start":{"line":16,"column":111},"end":{"line":16,"column":null}},"loc":{"start":{"line":16,"column":111},"end":{"line":22,"column":1}}}},"branchMap":{},"s":{"0":3,"1":3,"2":3,"3":3,"4":3,"5":3,"6":3,"7":3,"8":3,"9":10,"10":10,"11":10,"12":10,"13":10,"14":10,"15":3},"f":{"0":10,"1":10},"b":{}}
,"/home/j/code/next-k8s/packages/tickets/src/routes/get.ts": {"path":"/home/j/code/next-k8s/packages/tickets/src/routes/get.ts","statementMap":{"0":{"start":{"line":1,"column":0},"end":{"line":1,"column":65}},"1":{"start":{"line":2,"column":0},"end":{"line":2,"column":52}},"2":{"start":{"line":3,"column":0},"end":{"line":3,"column":42}},"3":{"start":{"line":5,"column":0},"end":{"line":5,"column":37}},"4":{"start":{"line":7,"column":15},"end":{"line":7,"column":31}},"5":{"start":{"line":9,"column":0},"end":{"line":12,"column":null}},"6":{"start":{"line":9,"column":65},"end":{"line":12,"column":2}},"7":{"start":{"line":10,"column":18},"end":{"line":10,"column":39}},"8":{"start":{"line":11,"column":2},"end":{"line":11,"column":null}},"9":{"start":{"line":14,"column":0},"end":{"line":19,"column":null}},"10":{"start":{"line":14,"column":69},"end":{"line":19,"column":2}},"11":{"start":{"line":15,"column":2},"end":{"line":15,"column":null}},"12":{"start":{"line":15,"column":39},"end":{"line":15,"column":null}},"13":{"start":{"line":16,"column":17},"end":{"line":16,"column":53}},"14":{"start":{"line":17,"column":2},"end":{"line":17,"column":null}},"15":{"start":{"line":17,"column":15},"end":{"line":17,"column":null}},"16":{"start":{"line":18,"column":2},"end":{"line":18,"column":null}},"17":{"start":{"line":21,"column":0},"end":{"line":21,"column":null}}},"fnMap":{"0":{"name":"(anonymous_8)","decl":{"start":{"line":9,"column":27},"end":{"line":9,"column":34}},"loc":{"start":{"line":9,"column":65},"end":{"line":12,"column":2}}},"1":{"name":"(anonymous_9)","decl":{"start":{"line":9,"column":65},"end":{"line":9,"column":null}},"loc":{"start":{"line":9,"column":65},"end":{"line":12,"column":1}}},"2":{"name":"(anonymous_10)","decl":{"start":{"line":14,"column":31},"end":{"line":14,"column":38}},"loc":{"start":{"line":14,"column":69},"end":{"line":19,"column":2}}},"3":{"name":"(anonymous_11)","decl":{"start":{"line":14,"column":69},"end":{"line":14,"column":null}},"loc":{"start":{"line":14,"column":69},"end":{"line":19,"column":1}}}},"branchMap":{"0":{"loc":{"start":{"line":15,"column":2},"end":{"line":15,"column":null}},"type":"if","locations":[{"start":{"line":15,"column":2},"end":{"line":15,"column":null}}]},"1":{"loc":{"start":{"line":17,"column":2},"end":{"line":17,"column":null}},"type":"if","locations":[{"start":{"line":17,"column":2},"end":{"line":17,"column":null}}]}},"s":{"0":3,"1":3,"2":3,"3":3,"4":3,"5":3,"6":1,"7":1,"8":1,"9":3,"10":4,"11":4,"12":1,"13":3,"14":3,"15":1,"16":2,"17":3},"f":{"0":1,"1":1,"2":4,"3":4},"b":{"0":[1],"1":[1]}}
,"/home/j/code/next-k8s/packages/tickets/src/routes/index.ts": {"path":"/home/j/code/next-k8s/packages/tickets/src/routes/index.ts","statementMap":{"0":{"start":{"line":1,"column":0},"end":{"line":1,"column":29}},"1":{"start":{"line":2,"column":0},"end":{"line":2,"column":35}},"2":{"start":{"line":3,"column":0},"end":{"line":3,"column":35}},"3":{"start":{"line":5,"column":0},"end":{"line":5,"column":null}}},"fnMap":{},"branchMap":{},"s":{"0":3,"1":3,"2":3,"3":3},"f":{},"b":{}}
,"/home/j/code/next-k8s/packages/tickets/src/routes/update.ts": {"path":"/home/j/code/next-k8s/packages/tickets/src/routes/update.ts","statementMap":{"0":{"start":{"line":1,"column":0},"end":{"line":1,"column":114}},"1":{"start":{"line":2,"column":0},"end":{"line":2,"column":52}},"2":{"start":{"line":3,"column":0},"end":{"line":3,"column":40}},"3":{"start":{"line":4,"column":0},"end":{"line":4,"column":42}},"4":{"start":{"line":5,"column":0},"end":{"line":5,"column":37}},"5":{"start":{"line":6,"column":0},"end":{"line":6,"column":65}},"6":{"start":{"line":7,"column":0},"end":{"line":7,"column":39}},"7":{"start":{"line":9,"column":15},"end":{"line":9,"column":31}},"8":{"start":{"line":11,"column":22},"end":{"line":14,"column":null}},"9":{"start":{"line":16,"column":0},"end":{"line":26,"column":null}},"10":{"start":{"line":16,"column":114},"end":{"line":26,"column":2}},"11":{"start":{"line":17,"column":2},"end":{"line":17,"column":null}},"12":{"start":{"line":17,"column":39},"end":{"line":17,"column":null}},"13":{"start":{"line":18,"column":17},"end":{"line":18,"column":53}},"14":{"start":{"line":19,"column":2},"end":{"line":19,"column":null}},"15":{"start":{"line":19,"column":15},"end":{"line":19,"column":null}},"16":{"start":{"line":20,"column":2},"end":{"line":20,"column":null}},"17":{"start":{"line":20,"column":58},"end":{"line":20,"column":null}},"18":{"start":{"line":21,"column":27},"end":{"line":21,"column":35}},"19":{"start":{"line":22,"column":2},"end":{"line":22,"column":null}},"20":{"start":{"line":23,"column":2},"end":{"line":23,"column":null}},"21":{"start":{"line":24,"column":2},"end":{"line":24,"column":null}},"22":{"start":{"line":25,"column":2},"end":{"line":25,"column":null}},"23":{"start":{"line":28,"column":0},"end":{"line":28,"column":null}}},"fnMap":{"0":{"name":"(anonymous_8)","decl":{"start":{"line":16,"column":76},"end":{"line":16,"column":83}},"loc":{"start":{"line":16,"column":114},"end":{"line":26,"column":2}}},"1":{"name":"(anonymous_9)","decl":{"start":{"line":16,"column":114},"end":{"line":16,"column":null}},"loc":{"start":{"line":16,"column":114},"end":{"line":26,"column":1}}}},"branchMap":{"0":{"loc":{"start":{"line":17,"column":2},"end":{"line":17,"column":null}},"type":"if","locations":[{"start":{"line":17,"column":2},"end":{"line":17,"column":null}}]},"1":{"loc":{"start":{"line":19,"column":2},"end":{"line":19,"column":null}},"type":"if","locations":[{"start":{"line":19,"column":2},"end":{"line":19,"column":null}}]},"2":{"loc":{"start":{"line":20,"column":2},"end":{"line":20,"column":null}},"type":"if","locations":[{"start":{"line":20,"column":2},"end":{"line":20,"column":null}}]}},"s":{"0":3,"1":3,"2":3,"3":3,"4":3,"5":3,"6":3,"7":3,"8":3,"9":3,"10":4,"11":4,"12":1,"13":3,"14":3,"15":1,"16":2,"17":1,"18":1,"19":1,"20":1,"21":1,"22":1,"23":3},"f":{"0":4,"1":4},"b":{"0":[1],"1":[1],"2":[1]}}
,"/home/j/code/next-k8s/packages/tickets/src/test/utils.ts": {"path":"/home/j/code/next-k8s/packages/tickets/src/test/utils.ts","statementMap":{"0":{"start":{"line":1,"column":0},"end":{"line":1,"column":31}},"1":{"start":{"line":3,"column":28},"end":{"line":9,"column":1}},"2":{"start":{"line":4,"column":2},"end":{"line":8,"column":null}},"3":{"start":{"line":3,"column":13},"end":{"line":3,"column":28}}},"fnMap":{"0":{"name":"(anonymous_1)","decl":{"start":{"line":3,"column":28},"end":{"line":3,"column":29}},"loc":{"start":{"line":3,"column":137},"end":{"line":9,"column":1}}}},"branchMap":{"0":{"loc":{"start":{"line":3,"column":72},"end":{"line":3,"column":92}},"type":"default-arg","locations":[{"start":{"line":3,"column":80},"end":{"line":3,"column":92}}]},"1":{"loc":{"start":{"line":3,"column":94},"end":{"line":3,"column":107}},"type":"default-arg","locations":[{"start":{"line":3,"column":102},"end":{"line":3,"column":107}}]},"2":{"loc":{"start":{"line":3,"column":109},"end":{"line":3,"column":133}},"type":"default-arg","locations":[{"start":{"line":3,"column":130},"end":{"line":3,"column":133}}]},"3":{"loc":{"start":{"line":6,"column":19},"end":{"line":6,"column":41}},"type":"cond-expr","locations":[{"start":{"line":6,"column":28},"end":{"line":6,"column":36}},{"start":{"line":6,"column":39},"end":{"line":6,"column":41}}]}},"s":{"0":3,"1":3,"2":7,"3":3},"f":{"0":7},"b":{"0":[6],"1":[6],"2":[7],"3":[7,0]}}
}
