TN:
SF:src/app.ts
FN:18,(anonymous_8)
FN:18,(anonymous_9)
FNF:2
FNH:0
FNDA:0,(anonymous_8)
FNDA:0,(anonymous_9)
DA:1,3
DA:2,3
DA:3,3
DA:4,3
DA:6,3
DA:7,3
DA:9,3
DA:11,3
DA:12,3
DA:13,3
DA:14,3
DA:16,3
DA:17,9
DA:18,3
DA:19,3
DA:21,3
LF:16
LH:16
BRF:0
BRH:0
end_of_record
TN:
SF:src/events/listeners/_queue-group-name.ts
FNF:0
FNH:0
DA:1,1
LF:1
LH:1
BRF:0
BRH:0
end_of_record
TN:
SF:src/events/listeners/order-created.ts
FN:8,(anonymous_8)
FN:12,(anonymous_9)
FNF:2
FNH:2
FNDA:2,(anonymous_8)
FNDA:2,(anonymous_9)
DA:1,1
DA:3,1
DA:6,1
DA:8,1
DA:9,2
DA:10,2
DA:13,2
DA:14,2
DA:15,2
DA:16,2
DA:18,2
DA:22,1
LF:12
LH:12
BRDA:14,0,0,0
BRF:1
BRH:0
end_of_record
TN:
SF:src/events/publishers/created.ts
FN:3,(anonymous_0)
FNF:1
FNH:1
FNDA:10,(anonymous_0)
DA:1,3
DA:3,3
DA:4,10
DA:7,3
LF:4
LH:4
BRF:0
BRH:0
end_of_record
TN:
SF:src/events/publishers/updated.ts
FN:3,(anonymous_0)
FNF:1
FNH:1
FNDA:1,(anonymous_0)
DA:1,3
DA:3,3
DA:4,1
DA:7,3
LF:4
LH:4
BRF:0
BRH:0
end_of_record
TN:
SF:src/models/ticket.ts
FN:34,(anonymous_1)
FN:47,(anonymous_2)
FNF:2
FNH:2
FNDA:15,(anonymous_1)
FNDA:26,(anonymous_2)
DA:1,5
DA:2,5
DA:13,5
DA:35,15
DA:36,15
DA:37,15
DA:42,5
DA:43,5
DA:45,5
DA:46,5
DA:48,26
LF:11
LH:11
BRF:0
BRH:0
end_of_record
TN:
SF:src/routes/create.ts
FN:16,(anonymous_8)
FN:16,(anonymous_9)
FNF:2
FNH:2
FNDA:10,(anonymous_8)
FNDA:10,(anonymous_9)
DA:1,3
DA:2,3
DA:3,3
DA:5,3
DA:6,3
DA:7,3
DA:9,3
DA:11,3
DA:16,10
DA:17,10
DA:18,10
DA:19,10
DA:20,10
DA:21,10
DA:24,3
LF:15
LH:15
BRF:0
BRH:0
end_of_record
TN:
SF:src/routes/get.ts
FN:9,(anonymous_8)
FN:9,(anonymous_9)
FN:14,(anonymous_10)
FN:14,(anonymous_11)
FNF:4
FNH:4
FNDA:1,(anonymous_8)
FNDA:1,(anonymous_9)
FNDA:4,(anonymous_10)
FNDA:4,(anonymous_11)
DA:1,3
DA:2,3
DA:3,3
DA:5,3
DA:7,3
DA:9,3
DA:10,1
DA:11,1
DA:14,4
DA:15,4
DA:16,3
DA:17,3
DA:18,2
DA:21,3
LF:14
LH:14
BRDA:15,0,0,1
BRDA:17,1,0,1
BRF:2
BRH:2
end_of_record
TN:
SF:src/routes/index.ts
FNF:0
FNH:0
DA:1,3
DA:2,3
DA:3,3
DA:5,3
LF:4
LH:4
BRF:0
BRH:0
end_of_record
TN:
SF:src/routes/update.ts
FN:16,(anonymous_8)
FN:16,(anonymous_9)
FNF:2
FNH:2
FNDA:4,(anonymous_8)
FNDA:4,(anonymous_9)
DA:1,3
DA:2,3
DA:3,3
DA:4,3
DA:5,3
DA:6,3
DA:7,3
DA:9,3
DA:11,3
DA:16,4
DA:17,4
DA:18,3
DA:19,3
DA:20,2
DA:21,1
DA:22,1
DA:23,1
DA:24,1
DA:25,1
DA:28,3
LF:20
LH:20
BRDA:17,0,0,1
BRDA:19,1,0,1
BRDA:20,2,0,1
BRF:3
BRH:3
end_of_record
TN:
SF:src/test/utils.ts
FN:3,(anonymous_1)
FNF:1
FNH:1
FNDA:7,(anonymous_1)
DA:1,3
DA:3,3
DA:4,7
LF:3
LH:3
BRDA:3,0,0,6
BRDA:3,1,0,6
BRDA:3,2,0,7
BRDA:6,3,0,7
BRDA:6,3,1,0
BRF:5
BRH:4
end_of_record
