TN:
SF:src/app.ts
FN:18,(anonymous_8)
FN:18,(anonymous_9)
FNF:2
FNH:0
FNDA:0,(anonymous_8)
FNDA:0,(anonymous_9)
DA:1,3
DA:2,3
DA:3,3
DA:4,3
DA:6,3
DA:7,3
DA:9,3
DA:11,3
DA:12,3
DA:13,3
DA:14,3
DA:16,3
DA:17,9
DA:18,3
DA:19,3
DA:21,3
LF:16
LH:16
BRF:0
BRH:0
end_of_record
TN:
SF:src/events/listeners/_queue-group-name.ts
FNF:0
FNH:0
DA:1,2
LF:1
LH:1
BRF:0
BRH:0
end_of_record
TN:
SF:src/events/listeners/order-cancelled.ts
FN:8,(anonymous_8)
FN:12,(anonymous_9)
FNF:2
FNH:2
FNDA:3,(anonymous_8)
FNDA:3,(anonymous_9)
DA:1,1
DA:3,1
DA:4,1
DA:6,1
DA:8,1
DA:9,3
DA:10,3
DA:13,3
DA:14,3
DA:15,3
DA:16,3
DA:18,3
DA:19,3
DA:20,3
DA:24,1
LF:15
LH:15
BRDA:14,0,0,0
BRF:1
BRH:0
end_of_record
TN:
SF:src/events/listeners/order-created.ts
FN:8,(anonymous_8)
FN:12,(anonymous_9)
FNF:2
FNH:2
FNDA:3,(anonymous_8)
FNDA:3,(anonymous_9)
DA:1,1
DA:3,1
DA:4,1
DA:6,1
DA:8,1
DA:9,3
DA:10,3
DA:13,3
DA:14,3
DA:15,3
DA:16,3
DA:18,3
DA:19,3
DA:20,3
DA:24,1
LF:15
LH:15
BRDA:14,0,0,0
BRF:1
BRH:0
end_of_record
TN:
SF:src/events/publishers/created.ts
FN:3,(anonymous_0)
FNF:1
FNH:1
FNDA:11,(anonymous_0)
DA:1,3
DA:3,3
DA:4,11
DA:7,3
LF:4
LH:4
BRF:0
BRH:0
end_of_record
TN:
SF:src/events/publishers/updated.ts
FN:3,(anonymous_0)
FNF:1
FNH:1
FNDA:7,(anonymous_0)
DA:1,5
DA:3,5
DA:4,7
DA:7,5
LF:4
LH:4
BRF:0
BRH:0
end_of_record
TN:
SF:src/models/ticket.ts
FN:33,(anonymous_1)
FN:46,(anonymous_2)
FNF:2
FNH:2
FNDA:16,(anonymous_1)
FNDA:38,(anonymous_2)
DA:1,6
DA:2,6
DA:12,6
DA:34,16
DA:35,16
DA:36,16
DA:41,6
DA:42,6
DA:44,6
DA:45,6
DA:47,38
LF:11
LH:11
BRF:0
BRH:0
end_of_record
TN:
SF:src/routes/create.ts
FN:16,(anonymous_8)
FN:16,(anonymous_9)
FNF:2
FNH:2
FNDA:11,(anonymous_8)
FNDA:11,(anonymous_9)
DA:1,3
DA:2,3
DA:3,3
DA:5,3
DA:6,3
DA:7,3
DA:9,3
DA:11,3
DA:16,11
DA:17,11
DA:18,11
DA:19,11
DA:20,11
DA:21,11
DA:24,3
LF:15
LH:15
BRF:0
BRH:0
end_of_record
TN:
SF:src/routes/get.ts
FN:9,(anonymous_8)
FN:9,(anonymous_9)
FN:14,(anonymous_10)
FN:14,(anonymous_11)
FNF:4
FNH:4
FNDA:1,(anonymous_8)
FNDA:1,(anonymous_9)
FNDA:4,(anonymous_10)
FNDA:4,(anonymous_11)
DA:1,3
DA:2,3
DA:3,3
DA:5,3
DA:7,3
DA:9,3
DA:10,1
DA:11,1
DA:14,4
DA:15,4
DA:16,3
DA:17,3
DA:18,2
DA:21,3
LF:14
LH:14
BRDA:15,0,0,1
BRDA:17,1,0,1
BRF:2
BRH:2
end_of_record
TN:
SF:src/routes/index.ts
FNF:0
FNH:0
DA:1,3
DA:2,3
DA:3,3
DA:5,3
LF:4
LH:4
BRF:0
BRH:0
end_of_record
TN:
SF:src/routes/update.ts
FN:16,(anonymous_8)
FN:16,(anonymous_9)
FNF:2
FNH:2
FNDA:5,(anonymous_8)
FNDA:5,(anonymous_9)
DA:1,3
DA:2,3
DA:3,3
DA:4,3
DA:5,3
DA:6,3
DA:7,3
DA:9,3
DA:11,3
DA:16,5
DA:17,5
DA:18,4
DA:19,4
DA:20,3
DA:21,2
DA:22,1
DA:23,1
DA:24,1
DA:25,1
DA:26,1
DA:29,3
LF:21
LH:21
BRDA:17,0,0,1
BRDA:19,1,0,1
BRDA:20,2,0,1
BRDA:21,3,0,1
BRF:4
BRH:4
end_of_record
TN:
SF:src/test/utils.ts
FN:3,(anonymous_1)
FNF:1
FNH:1
FNDA:8,(anonymous_1)
DA:1,3
DA:3,3
DA:4,8
LF:3
LH:3
BRDA:3,0,0,7
BRDA:3,1,0,7
BRDA:3,2,0,8
BRDA:6,3,0,8
BRDA:6,3,1,0
BRF:5
BRH:4
end_of_record
